Using pre-set license
Built from '2022.3/staging' branch; Version is '2022.3.43f1 (85497d293fa1) revision 8735101'; Using compiler version '192829333'; Build Type 'Release'
OS: 'Windows 11  (10.0.22631) 64bit Professional' Language: 'zh' Physical Memory: 32509 MB
BatchMode: 1, IsHumanControllingUs: 0, StartBugReporterOnCrash: 0, Is64bit: 1, IsPro: 1

COMMAND LINE ARGUMENTS:
D:\Unity Hub\2022.3.43f1\Editor\Unity.exe
-adb2
-batchMode
-noUpm
-name
AssetImportWorker0
-projectPath
C:/Users/john1/OneDrive/桌面/大三作業庫/Unity/Immortopia/Immortopia
-logFile
Logs/AssetImportWorker0.log
-srvPort
61534
Successfully changed project path to: C:/Users/john1/OneDrive/桌面/大三作業庫/Unity/Immortopia/Immortopia
C:/Users/john1/OneDrive/桌面/大三作業庫/Unity/Immortopia/Immortopia
[UnityMemory] Configuration Parameters - Can be set up in boot.config
    "memorysetup-bucket-allocator-granularity=16"
    "memorysetup-bucket-allocator-bucket-count=8"
    "memorysetup-bucket-allocator-block-size=33554432"
    "memorysetup-bucket-allocator-block-count=8"
    "memorysetup-main-allocator-block-size=16777216"
    "memorysetup-thread-allocator-block-size=16777216"
    "memorysetup-gfx-main-allocator-block-size=16777216"
    "memorysetup-gfx-thread-allocator-block-size=16777216"
    "memorysetup-cache-allocator-block-size=4194304"
    "memorysetup-typetree-allocator-block-size=2097152"
    "memorysetup-profiler-bucket-allocator-granularity=16"
    "memorysetup-profiler-bucket-allocator-bucket-count=8"
    "memorysetup-profiler-bucket-allocator-block-size=33554432"
    "memorysetup-profiler-bucket-allocator-block-count=8"
    "memorysetup-profiler-allocator-block-size=16777216"
    "memorysetup-profiler-editor-allocator-block-size=1048576"
    "memorysetup-temp-allocator-size-main=16777216"
    "memorysetup-job-temp-allocator-block-size=2097152"
    "memorysetup-job-temp-allocator-block-size-background=1048576"
    "memorysetup-job-temp-allocator-reduction-small-platforms=262144"
    "memorysetup-allocator-temp-initial-block-size-main=262144"
    "memorysetup-allocator-temp-initial-block-size-worker=262144"
    "memorysetup-temp-allocator-size-background-worker=32768"
    "memorysetup-temp-allocator-size-job-worker=262144"
    "memorysetup-temp-allocator-size-preload-manager=33554432"
    "memorysetup-temp-allocator-size-nav-mesh-worker=65536"
    "memorysetup-temp-allocator-size-audio-worker=65536"
    "memorysetup-temp-allocator-size-cloud-worker=32768"
    "memorysetup-temp-allocator-size-gi-baking-worker=262144"
    "memorysetup-temp-allocator-size-gfx=262144"
Player connection [82468]  Target information:

Player connection [82468]  * "[IP] 192.168.1.105 [Port] 0 [Flags] 2 [Guid] 1281263343 [EditorId] 1281263343 [Version] 1048832 [Id] WindowsEditor(7,NewBrokenPC) [Debug] 1 [PackageName] WindowsEditor [ProjectName] Editor" 

Player connection [82468] Host joined multi-casting on [225.0.0.222:54997]...
Player connection [82468] Host joined alternative multi-casting on [225.0.0.222:34997]...
[PhysX] Initialized MultithreadedTaskDispatcher with 20 workers.
Refreshing native plugins compatible for Editor in 3655.75 ms, found 4 plugins.
Preloading 0 native plugins for Editor in 0.00 ms.
Initialize engine version: 2022.3.43f1 (85497d293fa1)
[Subsystems] Discovering subsystems at path D:/Unity Hub/2022.3.43f1/Editor/Data/Resources/UnitySubsystems
[Subsystems] Discovering subsystems at path C:/Users/john1/OneDrive/桌面/大三作業庫/Unity/Immortopia/Immortopia/Assets
GfxDevice: creating device client; threaded=0; jobified=0
Direct3D:
    Version:  Direct3D 11.0 [level 11.1]
    Renderer: NVIDIA GeForce RTX 3070 Ti (ID=0x2482)
    Vendor:   NVIDIA
    VRAM:     8018 MB
    Driver:   32.0.15.6590
Initialize mono
Mono path[0] = 'D:/Unity Hub/2022.3.43f1/Editor/Data/Managed'
Mono path[1] = 'D:/Unity Hub/2022.3.43f1/Editor/Data/MonoBleedingEdge/lib/mono/unityjit-win32'
Mono config path = 'D:/Unity Hub/2022.3.43f1/Editor/Data/MonoBleedingEdge/etc'
Using monoOptions --debugger-agent=transport=dt_socket,embedding=1,server=y,suspend=n,address=127.0.0.1:56608
Begin MonoManager ReloadAssembly
Registering precompiled unity dll's ...
Register platform support module: D:/Unity Hub/2022.3.43f1/Editor/Data/PlaybackEngines/AndroidPlayer/UnityEditor.Android.Extensions.dll
Register platform support module: D:/Unity Hub/2022.3.43f1/Editor/Data/PlaybackEngines/iOSSupport/UnityEditor.iOS.Extensions.dll
Register platform support module: D:/Unity Hub/2022.3.43f1/Editor/Data/PlaybackEngines/WindowsStandaloneSupport/UnityEditor.WindowsStandalone.Extensions.dll
Registered in 0.003710 seconds.
- Loaded All Assemblies, in  9.246 seconds
Native extension for WindowsStandalone target not found
[usbmuxd] Start listen thread
[usbmuxd] Listen thread started
Native extension for iOS target not found
Native extension for Android target not found
Android Extension - Scanning For ADB Devices 523 ms
Mono: successfully reloaded assembly
- Finished resetting the current domain, in  1.149 seconds
Domain Reload Profiling: 10394ms
	BeginReloadAssembly (6453ms)
		ExecutionOrderSort (0ms)
		DisableScriptedObjects (0ms)
		BackupInstance (0ms)
		ReleaseScriptingObjects (0ms)
		CreateAndSetChildDomain (0ms)
	RebuildCommonClasses (592ms)
	RebuildNativeTypeToScriptingClass (7ms)
	initialDomainReloadingComplete (34ms)
	LoadAllAssembliesAndSetupDomain (2159ms)
		LoadAssemblies (6453ms)
		RebuildTransferFunctionScriptingTraits (0ms)
		AnalyzeDomain (2157ms)
			TypeCache.Refresh (2155ms)
				TypeCache.ScanAssembly (1801ms)
			ScanForSourceGeneratedMonoScriptInfo (1ms)
			ResolveRequiredComponents (0ms)
	FinalizeReload (1149ms)
		ReleaseScriptCaches (0ms)
		RebuildScriptCaches (0ms)
		SetupLoadedEditorAssemblies (1119ms)
			LogAssemblyErrors (0ms)
			InitializePlatformSupportModulesInManaged (971ms)
			SetLoadedEditorAssemblies (3ms)
			RefreshPlugins (0ms)
			BeforeProcessingInitializeOnLoad (1ms)
			ProcessInitializeOnLoadAttributes (108ms)
			ProcessInitializeOnLoadMethodAttributes (35ms)
			AfterProcessingInitializeOnLoad (0ms)
			EditorAssembliesLoaded (0ms)
		ExecutionOrderSort2 (0ms)
		AwakeInstancesAfterBackupRestoration (0ms)
========================================================================
Worker process is ready to serve import requests
Caller must complete domain reload
Begin MonoManager ReloadAssembly
Symbol file LoadedFromMemory is not a mono symbol file
- Loaded All Assemblies, in 13.459 seconds
Native extension for WindowsStandalone target not found
Native extension for iOS target not found
Native extension for Android target not found
Package Manager log level set to [2]
[Package Manager] Server::EnsureServerProcessIsRunning -- launch failed, reason: Unity was launched with the -noUpm command-line argument
[Package Manager] UpmClient::Send -- Unable to send message (not connected to UPM process).
[Package Manager] Cannot connect to Unity Package Manager local server
Mono: successfully reloaded assembly
- Finished resetting the current domain, in  0.605 seconds
Domain Reload Profiling: 14061ms
	BeginReloadAssembly (129ms)
		ExecutionOrderSort (0ms)
		DisableScriptedObjects (4ms)
		BackupInstance (0ms)
		ReleaseScriptingObjects (0ms)
		CreateAndSetChildDomain (18ms)
	RebuildCommonClasses (27ms)
	RebuildNativeTypeToScriptingClass (8ms)
	initialDomainReloadingComplete (36ms)
	LoadAllAssembliesAndSetupDomain (13256ms)
		LoadAssemblies (12417ms)
		RebuildTransferFunctionScriptingTraits (0ms)
		AnalyzeDomain (919ms)
			TypeCache.Refresh (883ms)
				TypeCache.ScanAssembly (776ms)
			ScanForSourceGeneratedMonoScriptInfo (24ms)
			ResolveRequiredComponents (11ms)
	FinalizeReload (605ms)
		ReleaseScriptCaches (0ms)
		RebuildScriptCaches (0ms)
		SetupLoadedEditorAssemblies (493ms)
			LogAssemblyErrors (0ms)
			InitializePlatformSupportModulesInManaged (16ms)
			SetLoadedEditorAssemblies (3ms)
			RefreshPlugins (0ms)
			BeforeProcessingInitializeOnLoad (61ms)
			ProcessInitializeOnLoadAttributes (296ms)
			ProcessInitializeOnLoadMethodAttributes (115ms)
			AfterProcessingInitializeOnLoad (1ms)
			EditorAssembliesLoaded (0ms)
		ExecutionOrderSort2 (0ms)
		AwakeInstancesAfterBackupRestoration (4ms)
Launched and connected shader compiler UnityShaderCompiler.exe after 0.10 seconds
Refreshing native plugins compatible for Editor in 11.71 ms, found 4 plugins.
Preloading 0 native plugins for Editor in 0.00 ms.
Unloading 6393 Unused Serialized files (Serialized files now loaded: 0)
Unloading 44 unused Assets / (354.2 KB). Loaded Objects now: 6872.
Memory consumption went from 237.8 MB to 237.5 MB.
Total: 5.637900 ms (FindLiveObjects: 0.335700 ms CreateObjectMapping: 0.242800 ms MarkObjects: 4.902500 ms  DeleteObjects: 0.155800 ms)

AssetImportParameters requested are different than current active one (requested -> active):
  custom:container-demuxer-ogg: 62fdf1f143b41e24485cea50d1cbac27 -> 
  custom:framework-win-MediaFoundation: 216162199b28c13a410421893ffa2e32 -> 
  custom:container-muxer-webm: aa71ff27fc2769a1b78a27578f13a17b -> 
  custom:video-decoder-webm-vp8: 9c59270c3fd7afecdb556c50c9e8de78 -> 
  custom:SearchIndexIgnoredProperties: e643bd26f0fe6173181afceb89e7c659 -> 
  custom:AudioImporter_EditorPlatform: d09bf68614088b80899f8185d706f6e7 -> 
  custom:audio-decoder-ogg-vorbis: bf7c407c2cedff20999df2af8eb42d56 -> 
  custom:audio-encoder-webm-vorbis: bf7c407c2cedff20999df2af8eb42d56 -> 
  custom:video-decoder-ogg-theora: a1e56fd34408186e4bbccfd4996cb3dc -> 
  custom:CustomObjectIndexerAttribute: 72b91833f83ae208fae7752999fa3104 -> 
  custom:container-demuxer-webm: 4f35f7cbe854078d1ac9338744f61a02 -> 
  custom:video-encoder-webm-vp8: eb34c28f22e8b96e1ab97ce403110664 -> 
========================================================================
Received Import Request.
  Time since last request: 784801.456084 seconds.
  path: Assets/Images
  artifactKey: Guid(97b1e45072edb574dabeb199359f78a2) Importer(815301076,1909f56bfc062723c751e8b465ee728b)
Start importing Assets/Images using Guid(97b1e45072edb574dabeb199359f78a2) Importer(815301076,1909f56bfc062723c751e8b465ee728b) [PhysX] Initialized MultithreadedTaskDispatcher with 20 workers.
 -> (artifact id: '5bd53d92f051e50a64042a6f76f41421') in 0.045135 seconds
Number of updated asset objects reloaded before import = 0
Number of asset objects unloaded after import = 0
========================================================================
Received Import Request.
  Time since last request: 322.890934 seconds.
  path: Assets/Images/Out of Power.png
  artifactKey: Guid(5633116c34f324a4d92d8257d1dc1e80) Importer(815301076,1909f56bfc062723c751e8b465ee728b)
Start importing Assets/Images/Out of Power.png using Guid(5633116c34f324a4d92d8257d1dc1e80) Importer(815301076,1909f56bfc062723c751e8b465ee728b) [PhysX] Initialized MultithreadedTaskDispatcher with 20 workers.
[PhysX] Initialized MultithreadedTaskDispatcher with 20 workers.
 -> (artifact id: 'a2946a5f87207e524b291172fbb87f8b') in 0.206316 seconds
Number of updated asset objects reloaded before import = 0
Number of asset objects unloaded after import = 2
========================================================================
Received Import Request.
  Time since last request: 139.553285 seconds.
  path: Assets/Images/Out of Power.png
  artifactKey: Guid(5633116c34f324a4d92d8257d1dc1e80) Importer(815301076,1909f56bfc062723c751e8b465ee728b)
Start importing Assets/Images/Out of Power.png using Guid(5633116c34f324a4d92d8257d1dc1e80) Importer(815301076,1909f56bfc062723c751e8b465ee728b) [PhysX] Initialized MultithreadedTaskDispatcher with 20 workers.
[PhysX] Initialized MultithreadedTaskDispatcher with 20 workers.
 -> (artifact id: '0d29771c9758d0e888a8c619b6def137') in 0.945134 seconds
Number of updated asset objects reloaded before import = 0
Number of asset objects unloaded after import = 4
========================================================================
Received Import Request.
  Time since last request: 298.479856 seconds.
  path: Assets/Images/Out of Power.png
  artifactKey: Guid(5633116c34f324a4d92d8257d1dc1e80) Importer(815301076,1909f56bfc062723c751e8b465ee728b)
Start importing Assets/Images/Out of Power.png using Guid(5633116c34f324a4d92d8257d1dc1e80) Importer(815301076,1909f56bfc062723c751e8b465ee728b) [PhysX] Initialized MultithreadedTaskDispatcher with 20 workers.
[PhysX] Initialized MultithreadedTaskDispatcher with 20 workers.
 -> (artifact id: '654e6ff4ddf0f87cd7150bc0e9093952') in 0.023000 seconds
Number of updated asset objects reloaded before import = 0
Number of asset objects unloaded after import = 3
========================================================================
Received Import Request.
  Time since last request: 249.340823 seconds.
  path: Assets/Images/Out of Power.png
  artifactKey: Guid(5633116c34f324a4d92d8257d1dc1e80) Importer(815301076,1909f56bfc062723c751e8b465ee728b)
Start importing Assets/Images/Out of Power.png using Guid(5633116c34f324a4d92d8257d1dc1e80) Importer(815301076,1909f56bfc062723c751e8b465ee728b) [PhysX] Initialized MultithreadedTaskDispatcher with 20 workers.
[PhysX] Initialized MultithreadedTaskDispatcher with 20 workers.
 -> (artifact id: '33f4bb61cb9d222eb1eba742c23dbf17') in 0.014372 seconds
Number of updated asset objects reloaded before import = 0
Number of asset objects unloaded after import = 2
========================================================================
Received Import Request.
  Time since last request: 650.179126 seconds.
  path: Assets/Images/Out of Power.png
  artifactKey: Guid(5633116c34f324a4d92d8257d1dc1e80) Importer(815301076,1909f56bfc062723c751e8b465ee728b)
Start importing Assets/Images/Out of Power.png using Guid(5633116c34f324a4d92d8257d1dc1e80) Importer(815301076,1909f56bfc062723c751e8b465ee728b) [PhysX] Initialized MultithreadedTaskDispatcher with 20 workers.
[PhysX] Initialized MultithreadedTaskDispatcher with 20 workers.
 -> (artifact id: 'e09eb38b1bac2e09fe9562f3b51d9bb6') in 0.021334 seconds
Number of updated asset objects reloaded before import = 0
Number of asset objects unloaded after import = 3
========================================================================
Received Import Request.
  Time since last request: 140.368445 seconds.
  path: Assets/Images/Test
  artifactKey: Guid(8ee06b8642d1aac4e864698a2b22919a) Importer(815301076,1909f56bfc062723c751e8b465ee728b)
Start importing Assets/Images/Test using Guid(8ee06b8642d1aac4e864698a2b22919a) Importer(815301076,1909f56bfc062723c751e8b465ee728b) [PhysX] Initialized MultithreadedTaskDispatcher with 20 workers.
 -> (artifact id: 'f070f6e2c1f77e03acd9366f665ab2c3') in 0.000560 seconds
Number of updated asset objects reloaded before import = 0
Number of asset objects unloaded after import = 0
========================================================================
Received Import Request.
  Time since last request: 110.286407 seconds.
  path: Assets/Images/Test/Out of Power.png
  artifactKey: Guid(5633116c34f324a4d92d8257d1dc1e80) Importer(815301076,1909f56bfc062723c751e8b465ee728b)
Start importing Assets/Images/Test/Out of Power.png using Guid(5633116c34f324a4d92d8257d1dc1e80) Importer(815301076,1909f56bfc062723c751e8b465ee728b) [PhysX] Initialized MultithreadedTaskDispatcher with 20 workers.
[PhysX] Initialized MultithreadedTaskDispatcher with 20 workers.
 -> (artifact id: 'd7ba07cdca28371e37ed0c0715f2792d') in 0.024044 seconds
Number of updated asset objects reloaded before import = 0
Number of asset objects unloaded after import = 3
========================================================================
Received Import Request.
  Time since last request: 20.571161 seconds.
  path: Assets/Images/Test/Out of Power.png
  artifactKey: Guid(5633116c34f324a4d92d8257d1dc1e80) Importer(815301076,1909f56bfc062723c751e8b465ee728b)
Start importing Assets/Images/Test/Out of Power.png using Guid(5633116c34f324a4d92d8257d1dc1e80) Importer(815301076,1909f56bfc062723c751e8b465ee728b) [PhysX] Initialized MultithreadedTaskDispatcher with 20 workers.
[PhysX] Initialized MultithreadedTaskDispatcher with 20 workers.
 -> (artifact id: '7453f11842dd7f9f86d8b9536f8ee071') in 0.016004 seconds
Number of updated asset objects reloaded before import = 0
Number of asset objects unloaded after import = 3
========================================================================
Received Import Request.
  Time since last request: 26.360342 seconds.
  path: Assets/Images/Test/Out of Power.png
  artifactKey: Guid(5633116c34f324a4d92d8257d1dc1e80) Importer(815301076,1909f56bfc062723c751e8b465ee728b)
Start importing Assets/Images/Test/Out of Power.png using Guid(5633116c34f324a4d92d8257d1dc1e80) Importer(815301076,1909f56bfc062723c751e8b465ee728b) [PhysX] Initialized MultithreadedTaskDispatcher with 20 workers.
[PhysX] Initialized MultithreadedTaskDispatcher with 20 workers.
 -> (artifact id: '0a50629d772b0186b740e64eba983462') in 0.019500 seconds
Number of updated asset objects reloaded before import = 0
Number of asset objects unloaded after import = 3
========================================================================
Received Import Request.
  Time since last request: 12.773435 seconds.
  path: Assets/Images/Test/Out of Power.png
  artifactKey: Guid(5633116c34f324a4d92d8257d1dc1e80) Importer(815301076,1909f56bfc062723c751e8b465ee728b)
Start importing Assets/Images/Test/Out of Power.png using Guid(5633116c34f324a4d92d8257d1dc1e80) Importer(815301076,1909f56bfc062723c751e8b465ee728b) [PhysX] Initialized MultithreadedTaskDispatcher with 20 workers.
[PhysX] Initialized MultithreadedTaskDispatcher with 20 workers.
 -> (artifact id: 'bba24861bedac1b4d7ef14c85f0faf05') in 0.016985 seconds
Number of updated asset objects reloaded before import = 0
Number of asset objects unloaded after import = 3
========================================================================
Received Import Request.
  Time since last request: 663.686202 seconds.
  path: Assets/Images/Test/Out of Power.png
  artifactKey: Guid(5633116c34f324a4d92d8257d1dc1e80) Importer(815301076,1909f56bfc062723c751e8b465ee728b)
Start importing Assets/Images/Test/Out of Power.png using Guid(5633116c34f324a4d92d8257d1dc1e80) Importer(815301076,1909f56bfc062723c751e8b465ee728b) [PhysX] Initialized MultithreadedTaskDispatcher with 20 workers.
[PhysX] Initialized MultithreadedTaskDispatcher with 20 workers.
 -> (artifact id: 'e7e441f15876a02ede5f7b2fc244297c') in 0.028124 seconds
Number of updated asset objects reloaded before import = 0
Number of asset objects unloaded after import = 3
========================================================================
Received Import Request.
  Time since last request: 31.153629 seconds.
  path: Assets/Images/Test/Out of Power.png
  artifactKey: Guid(5633116c34f324a4d92d8257d1dc1e80) Importer(815301076,1909f56bfc062723c751e8b465ee728b)
Start importing Assets/Images/Test/Out of Power.png using Guid(5633116c34f324a4d92d8257d1dc1e80) Importer(815301076,1909f56bfc062723c751e8b465ee728b) [PhysX] Initialized MultithreadedTaskDispatcher with 20 workers.
[PhysX] Initialized MultithreadedTaskDispatcher with 20 workers.
 -> (artifact id: '23de79e117bf1008477108037f9899f7') in 0.020080 seconds
Number of updated asset objects reloaded before import = 0
Number of asset objects unloaded after import = 3
========================================================================
Received Import Request.
  Time since last request: 568.853800 seconds.
  path: Assets/Images/Test/Out of Power.png
  artifactKey: Guid(5633116c34f324a4d92d8257d1dc1e80) Importer(815301076,1909f56bfc062723c751e8b465ee728b)
Start importing Assets/Images/Test/Out of Power.png using Guid(5633116c34f324a4d92d8257d1dc1e80) Importer(815301076,1909f56bfc062723c751e8b465ee728b) [PhysX] Initialized MultithreadedTaskDispatcher with 20 workers.
[PhysX] Initialized MultithreadedTaskDispatcher with 20 workers.
 -> (artifact id: '3f28df114f4ef9ec7af4706be44a95c0') in 0.026105 seconds
Number of updated asset objects reloaded before import = 0
Number of asset objects unloaded after import = 3
========================================================================
Received Import Request.
  Time since last request: 404.220972 seconds.
  path: Assets/Plugins/Animancer
  artifactKey: Guid(47358e702f82b724888a00aaf152e456) Importer(815301076,1909f56bfc062723c751e8b465ee728b)
Start importing Assets/Plugins/Animancer using Guid(47358e702f82b724888a00aaf152e456) Importer(815301076,1909f56bfc062723c751e8b465ee728b) [PhysX] Initialized MultithreadedTaskDispatcher with 20 workers.
 -> (artifact id: '7166d12e855ac75350dc2d0c4c2751c6') in 0.000942 seconds
Number of updated asset objects reloaded before import = 0
Number of asset objects unloaded after import = 0
========================================================================
Received Import Request.
  Time since last request: 1027.539348 seconds.
  path: Assets/Plugins/ParrelSync
  artifactKey: Guid(3a74e94fa61d4804696eb890730b8556) Importer(815301076,1909f56bfc062723c751e8b465ee728b)
Start importing Assets/Plugins/ParrelSync using Guid(3a74e94fa61d4804696eb890730b8556) Importer(815301076,1909f56bfc062723c751e8b465ee728b) [PhysX] Initialized MultithreadedTaskDispatcher with 20 workers.
 -> (artifact id: '537e3d2a58477717c4e5d0eb81444ca0') in 0.001313 seconds
Number of updated asset objects reloaded before import = 0
Number of asset objects unloaded after import = 0
========================================================================
Received Import Request.
  Time since last request: 6.024097 seconds.
  path: Assets/Plugins/ParrelSync/ScriptableObjects
  artifactKey: Guid(773587c2748ae5641b88f91f0b9def8c) Importer(815301076,1909f56bfc062723c751e8b465ee728b)
Start importing Assets/Plugins/ParrelSync/ScriptableObjects using Guid(773587c2748ae5641b88f91f0b9def8c) Importer(815301076,1909f56bfc062723c751e8b465ee728b) [PhysX] Initialized MultithreadedTaskDispatcher with 20 workers.
 -> (artifact id: 'a89d6dcadbdb3e0069445723bd12447b') in 0.000656 seconds
Number of updated asset objects reloaded before import = 0
Number of asset objects unloaded after import = 0
========================================================================
Received Import Request.
  Time since last request: 0.175429 seconds.
  path: Assets/Plugins/ParrelSync/ScriptableObjects/ParrelSyncProjectSettings.asset
  artifactKey: Guid(2ab244431a3b5244691fb2941a61f115) Importer(815301076,1909f56bfc062723c751e8b465ee728b)
Start importing Assets/Plugins/ParrelSync/ScriptableObjects/ParrelSyncProjectSettings.asset using Guid(2ab244431a3b5244691fb2941a61f115) Importer(815301076,1909f56bfc062723c751e8b465ee728b) [PhysX] Initialized MultithreadedTaskDispatcher with 20 workers.
 -> (artifact id: '17f3125c820c1e86170e3cc2295194f1') in 0.006832 seconds
Number of updated asset objects reloaded before import = 0
Number of asset objects unloaded after import = 1
========================================================================
Received Prepare
Caller must complete domain reload
Begin MonoManager ReloadAssembly
Symbol file LoadedFromMemory is not a mono symbol file
- Loaded All Assemblies, in  1.182 seconds
Native extension for WindowsStandalone target not found
Native extension for iOS target not found
Native extension for Android target not found
[Package Manager] Server::EnsureServerProcessIsRunning -- launch failed, reason: Unity was launched with the -noUpm command-line argument
[Package Manager] UpmClient::Send -- Unable to send message (not connected to UPM process).
[Package Manager] Cannot connect to Unity Package Manager local server
[ScriptCompilation] NOT recompiling all scripts because this is an import worker process. Reason to compile was: Define symbols changed
Mono: successfully reloaded assembly
- Finished resetting the current domain, in 23.931 seconds
Domain Reload Profiling: 25110ms
	BeginReloadAssembly (308ms)
		ExecutionOrderSort (0ms)
		DisableScriptedObjects (16ms)
		BackupInstance (0ms)
		ReleaseScriptingObjects (0ms)
		CreateAndSetChildDomain (143ms)
	RebuildCommonClasses (26ms)
	RebuildNativeTypeToScriptingClass (10ms)
	initialDomainReloadingComplete (28ms)
	LoadAllAssembliesAndSetupDomain (806ms)
		LoadAssemblies (670ms)
		RebuildTransferFunctionScriptingTraits (0ms)
		AnalyzeDomain (227ms)
			TypeCache.Refresh (171ms)
				TypeCache.ScanAssembly (145ms)
			ScanForSourceGeneratedMonoScriptInfo (41ms)
			ResolveRequiredComponents (14ms)
	FinalizeReload (23932ms)
		ReleaseScriptCaches (0ms)
		RebuildScriptCaches (0ms)
		SetupLoadedEditorAssemblies (857ms)
			LogAssemblyErrors (0ms)
			InitializePlatformSupportModulesInManaged (27ms)
			SetLoadedEditorAssemblies (7ms)
			RefreshPlugins (0ms)
			BeforeProcessingInitializeOnLoad (105ms)
			ProcessInitializeOnLoadAttributes (567ms)
			ProcessInitializeOnLoadMethodAttributes (149ms)
			AfterProcessingInitializeOnLoad (1ms)
			EditorAssembliesLoaded (0ms)
		ExecutionOrderSort2 (0ms)
		AwakeInstancesAfterBackupRestoration (14ms)
Script is not up to date after domain reload: guid(74718b273a32d874a9dc3c58269c36b3) path("Assets/Plugins/Sirenix/Odin Inspector/Modules/Unity.Mathematics/MathematicsDrawers.cs") state(2)
Refreshing native plugins compatible for Editor in 17.51 ms, found 4 plugins.
Preloading 0 native plugins for Editor in 0.00 ms.
Unloading 6243 Unused Serialized files (Serialized files now loaded: 0)
Unloading 46 unused Assets / (432.3 KB). Loaded Objects now: 6951.
Memory consumption went from 215.7 MB to 215.3 MB.
Total: 22.297400 ms (FindLiveObjects: 0.357100 ms CreateObjectMapping: 0.297000 ms MarkObjects: 21.383500 ms  DeleteObjects: 0.258000 ms)

Prepare: number of updated asset objects reloaded= 0
AssetImportParameters requested are different than current active one (requested -> active):
  custom:container-demuxer-ogg: 62fdf1f143b41e24485cea50d1cbac27 -> 
  custom:scripting/precompiled-assembly-types:Sirenix.Serialization.Config: d73bda365eaf1e1c6acc941bd4635622 -> 
  custom:framework-win-MediaFoundation: 216162199b28c13a410421893ffa2e32 -> 
  custom:scripting/precompiled-assembly-types:Sirenix.Utilities: 3eac58a175199bf14a917c8b0e8fe7c9 -> 
  custom:container-muxer-webm: aa71ff27fc2769a1b78a27578f13a17b -> 
  custom:video-decoder-webm-vp8: 9c59270c3fd7afecdb556c50c9e8de78 -> 
  custom:SearchIndexIgnoredProperties: e643bd26f0fe6173181afceb89e7c659 -> 
  custom:AudioImporter_EditorPlatform: d09bf68614088b80899f8185d706f6e7 -> 
  custom:audio-decoder-ogg-vorbis: bf7c407c2cedff20999df2af8eb42d56 -> 
  custom:scripting/monoscript/fileName/OdinUpgrader.cs: ee3d9228da7555b7ff3d8bc8c2e703d7 -> 
  custom:audio-encoder-webm-vorbis: bf7c407c2cedff20999df2af8eb42d56 -> 
  custom:scripting/precompiled-assembly-types:Assembly-CSharp: 00d104410ffa0503ad246227765f2c33 -> 39d1c5ab1965691b63c170b06dbe9787
  custom:video-decoder-ogg-theora: a1e56fd34408186e4bbccfd4996cb3dc -> 
  custom:scripting/precompiled-assembly-types:Sirenix.OdinInspector.Attributes: dc05933eb78090cd5853a17a2a15fbf2 -> 
  custom:scripting/monoscript/fileName/CustomFunctions.cs: ac26f29321fb0ae3a2fdaca4779a800b -> 4dc94badee575c0d971afa66960c7fbc
  custom:scripting/precompiled-assembly-types:Assembly-CSharp-firstpass: 60a8f610df920b172bc22d34f3f02f95 -> 
  custom:CustomObjectIndexerAttribute: 72b91833f83ae208fae7752999fa3104 -> 
  custom:container-demuxer-webm: 4f35f7cbe854078d1ac9338744f61a02 -> 
  custom:scripting/precompiled-assembly-types:Sirenix.Serialization: d40ac4dea0c6cd312353b1d9bd0e929a -> 
  custom:scripting/precompiled-assembly-types:Sirenix.OdinInspector.Editor: 14cd34d1b2b86bc7ec658dbeec49ab98 -> 
  custom:scripting/precompiled-assembly-types:Sirenix.Utilities.Editor: 1a2b84993dc70e0fc09fb6b84161c4a4 -> 
  custom:video-encoder-webm-vp8: eb34c28f22e8b96e1ab97ce403110664 -> 
  custom:scripting/precompiled-assembly-types:Sirenix.Reflection.Editor: 3f78c56edd12a0461cd474bc411bc767 -> 
========================================================================
Received Prepare
Caller must complete domain reload
Begin MonoManager ReloadAssembly
Symbol file LoadedFromMemory is not a mono symbol file
- Loaded All Assemblies, in  0.758 seconds
Native extension for WindowsStandalone target not found
Native extension for iOS target not found
Native extension for Android target not found
[Package Manager] Server::EnsureServerProcessIsRunning -- launch failed, reason: Unity was launched with the -noUpm command-line argument
[Package Manager] UpmClient::Send -- Unable to send message (not connected to UPM process).
[Package Manager] Cannot connect to Unity Package Manager local server
Mono: successfully reloaded assembly
- Finished resetting the current domain, in  1.369 seconds
Domain Reload Profiling: 2123ms
	BeginReloadAssembly (180ms)
		ExecutionOrderSort (0ms)
		DisableScriptedObjects (7ms)
		BackupInstance (0ms)
		ReleaseScriptingObjects (0ms)
		CreateAndSetChildDomain (50ms)
	RebuildCommonClasses (33ms)
	RebuildNativeTypeToScriptingClass (13ms)
	initialDomainReloadingComplete (38ms)
	LoadAllAssembliesAndSetupDomain (490ms)
		LoadAssemblies (425ms)
		RebuildTransferFunctionScriptingTraits (0ms)
		AnalyzeDomain (159ms)
			TypeCache.Refresh (123ms)
				TypeCache.ScanAssembly (109ms)
			ScanForSourceGeneratedMonoScriptInfo (25ms)
			ResolveRequiredComponents (10ms)
	FinalizeReload (1369ms)
		ReleaseScriptCaches (0ms)
		RebuildScriptCaches (0ms)
		SetupLoadedEditorAssemblies (828ms)
			LogAssemblyErrors (0ms)
			InitializePlatformSupportModulesInManaged (25ms)
			SetLoadedEditorAssemblies (6ms)
			RefreshPlugins (0ms)
			BeforeProcessingInitializeOnLoad (85ms)
			ProcessInitializeOnLoadAttributes (515ms)
			ProcessInitializeOnLoadMethodAttributes (195ms)
			AfterProcessingInitializeOnLoad (1ms)
			EditorAssembliesLoaded (0ms)
		ExecutionOrderSort2 (0ms)
		AwakeInstancesAfterBackupRestoration (14ms)
Refreshing native plugins compatible for Editor in 14.58 ms, found 4 plugins.
Preloading 0 native plugins for Editor in 0.00 ms.
Unloading 6243 Unused Serialized files (Serialized files now loaded: 0)
Unloading 47 unused Assets / (433.1 KB). Loaded Objects now: 6955.
Memory consumption went from 215.7 MB to 215.3 MB.
Total: 17.133900 ms (FindLiveObjects: 0.626700 ms CreateObjectMapping: 0.511300 ms MarkObjects: 15.779800 ms  DeleteObjects: 0.215000 ms)

Prepare: number of updated asset objects reloaded= 0
AssetImportParameters requested are different than current active one (requested -> active):
  custom:container-demuxer-ogg: 62fdf1f143b41e24485cea50d1cbac27 -> 
  custom:scripting/precompiled-assembly-types:Sirenix.Serialization.Config: d73bda365eaf1e1c6acc941bd4635622 -> 
  custom:framework-win-MediaFoundation: 216162199b28c13a410421893ffa2e32 -> 
  custom:scripting/precompiled-assembly-types:Sirenix.Utilities: 3eac58a175199bf14a917c8b0e8fe7c9 -> 
  custom:container-muxer-webm: aa71ff27fc2769a1b78a27578f13a17b -> 
  custom:video-decoder-webm-vp8: 9c59270c3fd7afecdb556c50c9e8de78 -> 
  custom:scripting/monoscript/fileName/Fusion.Unity.Editor.cs: 8c37ce81cfcc3f06dc770d134eae793c -> b7dcb6dbdb6b48136ad1e279e0aad2cd
  custom:SearchIndexIgnoredProperties: e643bd26f0fe6173181afceb89e7c659 -> 
  custom:AudioImporter_EditorPlatform: d09bf68614088b80899f8185d706f6e7 -> 
  custom:scripting/precompiled-assembly-types:Sirenix.OdinInspector.Modules.UnityMathematics: 0daeba2df2804242256ba419ce6e64ba -> 
  custom:audio-decoder-ogg-vorbis: bf7c407c2cedff20999df2af8eb42d56 -> 
  custom:scripting/monoscript/fileName/OdinUpgrader.cs: ee3d9228da7555b7ff3d8bc8c2e703d7 -> 
  custom:audio-encoder-webm-vorbis: bf7c407c2cedff20999df2af8eb42d56 -> 
  custom:scripting/precompiled-assembly-types:Assembly-CSharp: 00d104410ffa0503ad246227765f2c33 -> 39d1c5ab1965691b63c170b06dbe9787
  custom:scripting/precompiled-assembly-types:Fusion.Unity.Editor: 90f7e43bb7f29e2c5eb156872181acac -> 68ea4e16afd58ebae0c9e956fafeb5ba
  custom:scripting/monoscript/fileName/MathematicsDrawers.cs: f55ff2195245c57ad8dd4ae275cfa5b5 -> 
  custom:video-decoder-ogg-theora: a1e56fd34408186e4bbccfd4996cb3dc -> 
  custom:scripting/precompiled-assembly-types:Sirenix.OdinInspector.Attributes: dc05933eb78090cd5853a17a2a15fbf2 -> 
  custom:scripting/monoscript/fileName/CustomFunctions.cs: ac26f29321fb0ae3a2fdaca4779a800b -> 4dc94badee575c0d971afa66960c7fbc
  custom:CustomObjectIndexerAttribute: 72b91833f83ae208fae7752999fa3104 -> 
  custom:container-demuxer-webm: 4f35f7cbe854078d1ac9338744f61a02 -> 
  custom:scripting/precompiled-assembly-types:Sirenix.Serialization: d40ac4dea0c6cd312353b1d9bd0e929a -> 
  custom:scripting/precompiled-assembly-types:Sirenix.OdinInspector.Editor: 14cd34d1b2b86bc7ec658dbeec49ab98 -> 
  custom:scripting/precompiled-assembly-types:Sirenix.Utilities.Editor: 1a2b84993dc70e0fc09fb6b84161c4a4 -> 
  custom:video-encoder-webm-vp8: eb34c28f22e8b96e1ab97ce403110664 -> 
  custom:scripting/precompiled-assembly-types:Sirenix.Reflection.Editor: 3f78c56edd12a0461cd474bc411bc767 -> 
========================================================================
Received Prepare
Caller must complete domain reload
Begin MonoManager ReloadAssembly
Symbol file LoadedFromMemory is not a mono symbol file
- Loaded All Assemblies, in  0.495 seconds
Native extension for WindowsStandalone target not found
Native extension for iOS target not found
Native extension for Android target not found
[Package Manager] Server::EnsureServerProcessIsRunning -- launch failed, reason: Unity was launched with the -noUpm command-line argument
[Package Manager] UpmClient::Send -- Unable to send message (not connected to UPM process).
[Package Manager] Cannot connect to Unity Package Manager local server
Mono: successfully reloaded assembly
- Finished resetting the current domain, in  1.161 seconds
Domain Reload Profiling: 1655ms
	BeginReloadAssembly (148ms)
		ExecutionOrderSort (0ms)
		DisableScriptedObjects (3ms)
		BackupInstance (0ms)
		ReleaseScriptingObjects (0ms)
		CreateAndSetChildDomain (51ms)
	RebuildCommonClasses (27ms)
	RebuildNativeTypeToScriptingClass (8ms)
	initialDomainReloadingComplete (26ms)
	LoadAllAssembliesAndSetupDomain (284ms)
		LoadAssemblies (311ms)
		RebuildTransferFunctionScriptingTraits (0ms)
		AnalyzeDomain (41ms)
			TypeCache.Refresh (11ms)
				TypeCache.ScanAssembly (1ms)
			ScanForSourceGeneratedMonoScriptInfo (18ms)
			ResolveRequiredComponents (11ms)
	FinalizeReload (1162ms)
		ReleaseScriptCaches (0ms)
		RebuildScriptCaches (0ms)
		SetupLoadedEditorAssemblies (654ms)
			LogAssemblyErrors (0ms)
			InitializePlatformSupportModulesInManaged (20ms)
			SetLoadedEditorAssemblies (3ms)
			RefreshPlugins (0ms)
			BeforeProcessingInitializeOnLoad (72ms)
			ProcessInitializeOnLoadAttributes (387ms)
			ProcessInitializeOnLoadMethodAttributes (170ms)
			AfterProcessingInitializeOnLoad (1ms)
			EditorAssembliesLoaded (0ms)
		ExecutionOrderSort2 (0ms)
		AwakeInstancesAfterBackupRestoration (12ms)
Refreshing native plugins compatible for Editor in 10.34 ms, found 4 plugins.
Preloading 0 native plugins for Editor in 0.00 ms.
Unloading 6243 Unused Serialized files (Serialized files now loaded: 0)
Unloading 46 unused Assets / (432.3 KB). Loaded Objects now: 6959.
Memory consumption went from 228.5 MB to 228.1 MB.
Total: 14.270600 ms (FindLiveObjects: 0.347400 ms CreateObjectMapping: 0.222100 ms MarkObjects: 13.492100 ms  DeleteObjects: 0.207600 ms)

Prepare: number of updated asset objects reloaded= 0
AssetImportParameters requested are different than current active one (requested -> active):
  custom:container-demuxer-ogg: 62fdf1f143b41e24485cea50d1cbac27 -> 
  custom:scripting/precompiled-assembly-types:Sirenix.Serialization.Config: d73bda365eaf1e1c6acc941bd4635622 -> 
  custom:framework-win-MediaFoundation: 216162199b28c13a410421893ffa2e32 -> 
  custom:scripting/precompiled-assembly-types:Sirenix.Utilities: 3eac58a175199bf14a917c8b0e8fe7c9 -> 
  custom:container-muxer-webm: aa71ff27fc2769a1b78a27578f13a17b -> 
  custom:video-decoder-webm-vp8: 9c59270c3fd7afecdb556c50c9e8de78 -> 
  custom:scripting/monoscript/fileName/Fusion.Unity.Editor.cs: 8c37ce81cfcc3f06dc770d134eae793c -> b7dcb6dbdb6b48136ad1e279e0aad2cd
  custom:SearchIndexIgnoredProperties: e643bd26f0fe6173181afceb89e7c659 -> 
  custom:AudioImporter_EditorPlatform: d09bf68614088b80899f8185d706f6e7 -> 
  custom:scripting/precompiled-assembly-types:Sirenix.OdinInspector.Modules.UnityMathematics: 0daeba2df2804242256ba419ce6e64ba -> 
  custom:audio-decoder-ogg-vorbis: bf7c407c2cedff20999df2af8eb42d56 -> 
  custom:scripting/monoscript/fileName/OdinUpgrader.cs: ee3d9228da7555b7ff3d8bc8c2e703d7 -> 
  custom:audio-encoder-webm-vorbis: bf7c407c2cedff20999df2af8eb42d56 -> 
  custom:scripting/precompiled-assembly-types:Assembly-CSharp: 1f4188e9ba2b5cb7bd5f799cd1e78bed -> 39d1c5ab1965691b63c170b06dbe9787
  custom:scripting/precompiled-assembly-types:Fusion.Unity.Editor: 90f7e43bb7f29e2c5eb156872181acac -> 68ea4e16afd58ebae0c9e956fafeb5ba
  custom:scripting/monoscript/fileName/MathematicsDrawers.cs: f55ff2195245c57ad8dd4ae275cfa5b5 -> 
  custom:video-decoder-ogg-theora: a1e56fd34408186e4bbccfd4996cb3dc -> 
  custom:scripting/precompiled-assembly-types:Sirenix.OdinInspector.Attributes: dc05933eb78090cd5853a17a2a15fbf2 -> 
  custom:scripting/monoscript/fileName/CustomFunctions.cs: d226722cc528265545857599788035d8 -> 4dc94badee575c0d971afa66960c7fbc
  custom:CustomObjectIndexerAttribute: 72b91833f83ae208fae7752999fa3104 -> 
  custom:container-demuxer-webm: 4f35f7cbe854078d1ac9338744f61a02 -> 
  custom:scripting/precompiled-assembly-types:Sirenix.Serialization: d40ac4dea0c6cd312353b1d9bd0e929a -> 
  custom:scripting/precompiled-assembly-types:Sirenix.OdinInspector.Editor: 14cd34d1b2b86bc7ec658dbeec49ab98 -> 
  custom:scripting/precompiled-assembly-types:Sirenix.Utilities.Editor: 1a2b84993dc70e0fc09fb6b84161c4a4 -> 
  custom:video-encoder-webm-vp8: eb34c28f22e8b96e1ab97ce403110664 -> 
  custom:scripting/precompiled-assembly-types:Sirenix.Reflection.Editor: 3f78c56edd12a0461cd474bc411bc767 -> 
========================================================================
Received Import Request.
  Time since last request: 1338.211476 seconds.
  path: Assets/Scripts/CustomSceneManager.cs
  artifactKey: Guid(9cdebb271e2f6f54f99dd4524a2a96a0) Importer(815301076,1909f56bfc062723c751e8b465ee728b)
Start importing Assets/Scripts/CustomSceneManager.cs using Guid(9cdebb271e2f6f54f99dd4524a2a96a0) Importer(815301076,1909f56bfc062723c751e8b465ee728b) [PhysX] Initialized MultithreadedTaskDispatcher with 20 workers.
 -> (artifact id: '21fab27a6c067448f7251c4a76635770') in 0.005812 seconds
Number of updated asset objects reloaded before import = 0
Number of asset objects unloaded after import = 0
========================================================================
Received Import Request.
  Time since last request: 12.405001 seconds.
  path: Assets/Scripts/CamRotPos.cs
  artifactKey: Guid(9cdebb271e2f6f54f99dd4524a2a96a0) Importer(815301076,1909f56bfc062723c751e8b465ee728b)
Start importing Assets/Scripts/CamRotPos.cs using Guid(9cdebb271e2f6f54f99dd4524a2a96a0) Importer(815301076,1909f56bfc062723c751e8b465ee728b) [PhysX] Initialized MultithreadedTaskDispatcher with 20 workers.
 -> (artifact id: '2943560658f441b36c68b17813454f31') in 0.000585 seconds
Number of updated asset objects reloaded before import = 0
Number of asset objects unloaded after import = 0
========================================================================
Received Prepare
Caller must complete domain reload
Begin MonoManager ReloadAssembly
Symbol file LoadedFromMemory is not a mono symbol file
- Loaded All Assemblies, in  0.512 seconds
Native extension for WindowsStandalone target not found
Native extension for iOS target not found
Native extension for Android target not found
[Package Manager] Server::EnsureServerProcessIsRunning -- launch failed, reason: Unity was launched with the -noUpm command-line argument
[Package Manager] UpmClient::Send -- Unable to send message (not connected to UPM process).
[Package Manager] Cannot connect to Unity Package Manager local server
Mono: successfully reloaded assembly
- Finished resetting the current domain, in  1.274 seconds
Domain Reload Profiling: 1784ms
	BeginReloadAssembly (149ms)
		ExecutionOrderSort (0ms)
		DisableScriptedObjects (5ms)
		BackupInstance (0ms)
		ReleaseScriptingObjects (0ms)
		CreateAndSetChildDomain (44ms)
	RebuildCommonClasses (24ms)
	RebuildNativeTypeToScriptingClass (10ms)
	initialDomainReloadingComplete (29ms)
	LoadAllAssembliesAndSetupDomain (297ms)
		LoadAssemblies (330ms)
		RebuildTransferFunctionScriptingTraits (0ms)
		AnalyzeDomain (40ms)
			TypeCache.Refresh (11ms)
				TypeCache.ScanAssembly (1ms)
			ScanForSourceGeneratedMonoScriptInfo (18ms)
			ResolveRequiredComponents (10ms)
	FinalizeReload (1275ms)
		ReleaseScriptCaches (0ms)
		RebuildScriptCaches (0ms)
		SetupLoadedEditorAssemblies (732ms)
			LogAssemblyErrors (0ms)
			InitializePlatformSupportModulesInManaged (19ms)
			SetLoadedEditorAssemblies (3ms)
			RefreshPlugins (0ms)
			BeforeProcessingInitializeOnLoad (79ms)
			ProcessInitializeOnLoadAttributes (445ms)
			ProcessInitializeOnLoadMethodAttributes (186ms)
			AfterProcessingInitializeOnLoad (1ms)
			EditorAssembliesLoaded (0ms)
		ExecutionOrderSort2 (0ms)
		AwakeInstancesAfterBackupRestoration (12ms)
Refreshing native plugins compatible for Editor in 25.01 ms, found 4 plugins.
Preloading 0 native plugins for Editor in 0.00 ms.
Unloading 6243 Unused Serialized files (Serialized files now loaded: 0)
Unloading 46 unused Assets / (432.3 KB). Loaded Objects now: 6963.
Memory consumption went from 228.5 MB to 228.1 MB.
Total: 22.250100 ms (FindLiveObjects: 0.873300 ms CreateObjectMapping: 0.305100 ms MarkObjects: 20.805700 ms  DeleteObjects: 0.264300 ms)

Prepare: number of updated asset objects reloaded= 0
AssetImportParameters requested are different than current active one (requested -> active):
  custom:container-demuxer-ogg: 62fdf1f143b41e24485cea50d1cbac27 -> 
  custom:scripting/precompiled-assembly-types:Sirenix.Serialization.Config: d73bda365eaf1e1c6acc941bd4635622 -> 
  custom:framework-win-MediaFoundation: 216162199b28c13a410421893ffa2e32 -> 
  custom:scripting/precompiled-assembly-types:Sirenix.Utilities: 3eac58a175199bf14a917c8b0e8fe7c9 -> 
  custom:scripting/monoscript/fileName/CamRotPos.cs: 1b7fd7839353e3162cde6aa6074ee6f5 -> 
  custom:container-muxer-webm: aa71ff27fc2769a1b78a27578f13a17b -> 
  custom:video-decoder-webm-vp8: 9c59270c3fd7afecdb556c50c9e8de78 -> 
  custom:scripting/monoscript/fileName/Fusion.Unity.Editor.cs: 8c37ce81cfcc3f06dc770d134eae793c -> b7dcb6dbdb6b48136ad1e279e0aad2cd
  custom:SearchIndexIgnoredProperties: e643bd26f0fe6173181afceb89e7c659 -> 
  custom:AudioImporter_EditorPlatform: d09bf68614088b80899f8185d706f6e7 -> 
  custom:scripting/precompiled-assembly-types:Sirenix.OdinInspector.Modules.UnityMathematics: 0daeba2df2804242256ba419ce6e64ba -> 
  custom:audio-decoder-ogg-vorbis: bf7c407c2cedff20999df2af8eb42d56 -> 
  custom:scripting/monoscript/fileName/OdinUpgrader.cs: ee3d9228da7555b7ff3d8bc8c2e703d7 -> 
  custom:audio-encoder-webm-vorbis: bf7c407c2cedff20999df2af8eb42d56 -> 
  custom:scripting/precompiled-assembly-types:Assembly-CSharp: 5f1360fe2aa0c13b7a9a5eb5773e8022 -> 39d1c5ab1965691b63c170b06dbe9787
  custom:scripting/precompiled-assembly-types:Fusion.Unity.Editor: 90f7e43bb7f29e2c5eb156872181acac -> 68ea4e16afd58ebae0c9e956fafeb5ba
  custom:scripting/monoscript/fileName/MathematicsDrawers.cs: f55ff2195245c57ad8dd4ae275cfa5b5 -> 
  custom:video-decoder-ogg-theora: a1e56fd34408186e4bbccfd4996cb3dc -> 
  custom:scripting/precompiled-assembly-types:Sirenix.OdinInspector.Attributes: dc05933eb78090cd5853a17a2a15fbf2 -> 
  custom:scripting/monoscript/fileName/CustomFunctions.cs: d226722cc528265545857599788035d8 -> 4dc94badee575c0d971afa66960c7fbc
  custom:CustomObjectIndexerAttribute: 72b91833f83ae208fae7752999fa3104 -> 
  custom:container-demuxer-webm: 4f35f7cbe854078d1ac9338744f61a02 -> 
  custom:scripting/precompiled-assembly-types:Sirenix.Serialization: d40ac4dea0c6cd312353b1d9bd0e929a -> 
  custom:scripting/precompiled-assembly-types:Sirenix.OdinInspector.Editor: 14cd34d1b2b86bc7ec658dbeec49ab98 -> 
  custom:scripting/precompiled-assembly-types:Sirenix.Utilities.Editor: 1a2b84993dc70e0fc09fb6b84161c4a4 -> 
  custom:video-encoder-webm-vp8: eb34c28f22e8b96e1ab97ce403110664 -> 
  custom:scripting/precompiled-assembly-types:Sirenix.Reflection.Editor: 3f78c56edd12a0461cd474bc411bc767 -> 
========================================================================
Received Import Request.
  Time since last request: 8.621307 seconds.
  path: Assets/Scripts/CamRotPos.cs
  artifactKey: Guid(9cdebb271e2f6f54f99dd4524a2a96a0) Importer(815301076,1909f56bfc062723c751e8b465ee728b)
Start importing Assets/Scripts/CamRotPos.cs using Guid(9cdebb271e2f6f54f99dd4524a2a96a0) Importer(815301076,1909f56bfc062723c751e8b465ee728b) [PhysX] Initialized MultithreadedTaskDispatcher with 20 workers.
 -> (artifact id: '56b70d8e28765229099356ec6d193fc4') in 0.002060 seconds
Number of updated asset objects reloaded before import = 0
Number of asset objects unloaded after import = 0
========================================================================
Received Import Request.
  Time since last request: 8.752293 seconds.
  path: Assets/Scripts/CamPosRot.cs
  artifactKey: Guid(9cdebb271e2f6f54f99dd4524a2a96a0) Importer(815301076,1909f56bfc062723c751e8b465ee728b)
Start importing Assets/Scripts/CamPosRot.cs using Guid(9cdebb271e2f6f54f99dd4524a2a96a0) Importer(815301076,1909f56bfc062723c751e8b465ee728b) [PhysX] Initialized MultithreadedTaskDispatcher with 20 workers.
 -> (artifact id: '522cdc198f770d290d6b2066f60ae695') in 0.000522 seconds
Number of updated asset objects reloaded before import = 0
Number of asset objects unloaded after import = 0
========================================================================
Received Prepare
Caller must complete domain reload
Begin MonoManager ReloadAssembly
Symbol file LoadedFromMemory is not a mono symbol file
- Loaded All Assemblies, in  0.479 seconds
Native extension for WindowsStandalone target not found
Native extension for iOS target not found
Native extension for Android target not found
[Package Manager] Server::EnsureServerProcessIsRunning -- launch failed, reason: Unity was launched with the -noUpm command-line argument
[Package Manager] UpmClient::Send -- Unable to send message (not connected to UPM process).
[Package Manager] Cannot connect to Unity Package Manager local server
Mono: successfully reloaded assembly
- Finished resetting the current domain, in  1.207 seconds
Domain Reload Profiling: 1684ms
	BeginReloadAssembly (143ms)
		ExecutionOrderSort (0ms)
		DisableScriptedObjects (3ms)
		BackupInstance (0ms)
		ReleaseScriptingObjects (0ms)
		CreateAndSetChildDomain (46ms)
	RebuildCommonClasses (22ms)
	RebuildNativeTypeToScriptingClass (9ms)
	initialDomainReloadingComplete (23ms)
	LoadAllAssembliesAndSetupDomain (281ms)
		LoadAssemblies (309ms)
		RebuildTransferFunctionScriptingTraits (0ms)
		AnalyzeDomain (40ms)
			TypeCache.Refresh (11ms)
				TypeCache.ScanAssembly (1ms)
			ScanForSourceGeneratedMonoScriptInfo (18ms)
			ResolveRequiredComponents (10ms)
	FinalizeReload (1207ms)
		ReleaseScriptCaches (0ms)
		RebuildScriptCaches (0ms)
		SetupLoadedEditorAssemblies (717ms)
			LogAssemblyErrors (0ms)
			InitializePlatformSupportModulesInManaged (19ms)
			SetLoadedEditorAssemblies (3ms)
			RefreshPlugins (0ms)
			BeforeProcessingInitializeOnLoad (78ms)
			ProcessInitializeOnLoadAttributes (426ms)
			ProcessInitializeOnLoadMethodAttributes (189ms)
			AfterProcessingInitializeOnLoad (1ms)
			EditorAssembliesLoaded (0ms)
		ExecutionOrderSort2 (0ms)
		AwakeInstancesAfterBackupRestoration (14ms)
Refreshing native plugins compatible for Editor in 12.38 ms, found 4 plugins.
Preloading 0 native plugins for Editor in 0.00 ms.
Unloading 6243 Unused Serialized files (Serialized files now loaded: 0)
Unloading 46 unused Assets / (432.4 KB). Loaded Objects now: 6967.
Memory consumption went from 228.5 MB to 228.1 MB.
Total: 17.031300 ms (FindLiveObjects: 0.396600 ms CreateObjectMapping: 0.330100 ms MarkObjects: 15.901200 ms  DeleteObjects: 0.401800 ms)

Prepare: number of updated asset objects reloaded= 0
AssetImportParameters requested are different than current active one (requested -> active):
  custom:container-demuxer-ogg: 62fdf1f143b41e24485cea50d1cbac27 -> 
  custom:scripting/precompiled-assembly-types:Sirenix.Serialization.Config: d73bda365eaf1e1c6acc941bd4635622 -> 
  custom:framework-win-MediaFoundation: 216162199b28c13a410421893ffa2e32 -> 
  custom:scripting/precompiled-assembly-types:Sirenix.Utilities: 3eac58a175199bf14a917c8b0e8fe7c9 -> 
  custom:scripting/monoscript/fileName/CamRotPos.cs: 1b7fd7839353e3162cde6aa6074ee6f5 -> 
  custom:container-muxer-webm: aa71ff27fc2769a1b78a27578f13a17b -> 
  custom:video-decoder-webm-vp8: 9c59270c3fd7afecdb556c50c9e8de78 -> 
  custom:scripting/monoscript/fileName/Fusion.Unity.Editor.cs: 8c37ce81cfcc3f06dc770d134eae793c -> b7dcb6dbdb6b48136ad1e279e0aad2cd
  custom:SearchIndexIgnoredProperties: e643bd26f0fe6173181afceb89e7c659 -> 
  custom:AudioImporter_EditorPlatform: d09bf68614088b80899f8185d706f6e7 -> 
  custom:scripting/monoscript/fileName/CamPosRot.cs: 1b7fd7839353e3162cde6aa6074ee6f5 -> 
  custom:scripting/precompiled-assembly-types:Sirenix.OdinInspector.Modules.UnityMathematics: 0daeba2df2804242256ba419ce6e64ba -> 
  custom:audio-decoder-ogg-vorbis: bf7c407c2cedff20999df2af8eb42d56 -> 
  custom:scripting/monoscript/fileName/OdinUpgrader.cs: ee3d9228da7555b7ff3d8bc8c2e703d7 -> 
  custom:audio-encoder-webm-vorbis: bf7c407c2cedff20999df2af8eb42d56 -> 
  custom:scripting/precompiled-assembly-types:Assembly-CSharp: 5f1360fe2aa0c13b7a9a5eb5773e8022 -> 39d1c5ab1965691b63c170b06dbe9787
  custom:scripting/precompiled-assembly-types:Fusion.Unity.Editor: 90f7e43bb7f29e2c5eb156872181acac -> 68ea4e16afd58ebae0c9e956fafeb5ba
  custom:scripting/monoscript/fileName/MathematicsDrawers.cs: f55ff2195245c57ad8dd4ae275cfa5b5 -> 
  custom:video-decoder-ogg-theora: a1e56fd34408186e4bbccfd4996cb3dc -> 
  custom:scripting/precompiled-assembly-types:Sirenix.OdinInspector.Attributes: dc05933eb78090cd5853a17a2a15fbf2 -> 
  custom:scripting/monoscript/fileName/CustomFunctions.cs: d226722cc528265545857599788035d8 -> 4dc94badee575c0d971afa66960c7fbc
  custom:CustomObjectIndexerAttribute: 72b91833f83ae208fae7752999fa3104 -> 
  custom:container-demuxer-webm: 4f35f7cbe854078d1ac9338744f61a02 -> 
  custom:scripting/precompiled-assembly-types:Sirenix.Serialization: d40ac4dea0c6cd312353b1d9bd0e929a -> 
  custom:scripting/precompiled-assembly-types:Sirenix.OdinInspector.Editor: 14cd34d1b2b86bc7ec658dbeec49ab98 -> 
  custom:scripting/precompiled-assembly-types:Sirenix.Utilities.Editor: 1a2b84993dc70e0fc09fb6b84161c4a4 -> 
  custom:video-encoder-webm-vp8: eb34c28f22e8b96e1ab97ce403110664 -> 
  custom:scripting/precompiled-assembly-types:Sirenix.Reflection.Editor: 3f78c56edd12a0461cd474bc411bc767 -> 
========================================================================
Received Import Request.
  Time since last request: 9.758849 seconds.
  path: Assets/Scripts/CustomFunctions.cs
  artifactKey: Guid(b942fafc7f92a8144b9ea911df3eede3) Importer(815301076,1909f56bfc062723c751e8b465ee728b)
Start importing Assets/Scripts/CustomFunctions.cs using Guid(b942fafc7f92a8144b9ea911df3eede3) Importer(815301076,1909f56bfc062723c751e8b465ee728b) [PhysX] Initialized MultithreadedTaskDispatcher with 20 workers.
 -> (artifact id: '2106d646f8621b5f415c3f09b2f4aaed') in 0.005461 seconds
Number of updated asset objects reloaded before import = 0
Number of asset objects unloaded after import = 0
========================================================================
Received Prepare
Caller must complete domain reload
Begin MonoManager ReloadAssembly
Symbol file LoadedFromMemory is not a mono symbol file
- Loaded All Assemblies, in  0.535 seconds
Native extension for WindowsStandalone target not found
Native extension for iOS target not found
Native extension for Android target not found
[Package Manager] Server::EnsureServerProcessIsRunning -- launch failed, reason: Unity was launched with the -noUpm command-line argument
[Package Manager] UpmClient::Send -- Unable to send message (not connected to UPM process).
[Package Manager] Cannot connect to Unity Package Manager local server
Mono: successfully reloaded assembly
- Finished resetting the current domain, in  1.339 seconds
Domain Reload Profiling: 1871ms
	BeginReloadAssembly (150ms)
		ExecutionOrderSort (0ms)
		DisableScriptedObjects (4ms)
		BackupInstance (0ms)
		ReleaseScriptingObjects (0ms)
		CreateAndSetChildDomain (47ms)
	RebuildCommonClasses (24ms)
	RebuildNativeTypeToScriptingClass (8ms)
	initialDomainReloadingComplete (32ms)
	LoadAllAssembliesAndSetupDomain (318ms)
		LoadAssemblies (340ms)
		RebuildTransferFunctionScriptingTraits (0ms)
		AnalyzeDomain (48ms)
			TypeCache.Refresh (14ms)
				TypeCache.ScanAssembly (2ms)
			ScanForSourceGeneratedMonoScriptInfo (22ms)
			ResolveRequiredComponents (11ms)
	FinalizeReload (1339ms)
		ReleaseScriptCaches (0ms)
		RebuildScriptCaches (0ms)
		SetupLoadedEditorAssemblies (756ms)
			LogAssemblyErrors (0ms)
			InitializePlatformSupportModulesInManaged (27ms)
			SetLoadedEditorAssemblies (4ms)
			RefreshPlugins (0ms)
			BeforeProcessingInitializeOnLoad (80ms)
			ProcessInitializeOnLoadAttributes (474ms)
			ProcessInitializeOnLoadMethodAttributes (170ms)
			AfterProcessingInitializeOnLoad (1ms)
			EditorAssembliesLoaded (0ms)
		ExecutionOrderSort2 (0ms)
		AwakeInstancesAfterBackupRestoration (13ms)
Refreshing native plugins compatible for Editor in 11.94 ms, found 4 plugins.
Preloading 0 native plugins for Editor in 0.00 ms.
Unloading 6243 Unused Serialized files (Serialized files now loaded: 0)
Unloading 46 unused Assets / (432.4 KB). Loaded Objects now: 6971.
Memory consumption went from 215.8 MB to 215.3 MB.
Total: 14.975500 ms (FindLiveObjects: 0.324600 ms CreateObjectMapping: 0.216000 ms MarkObjects: 14.221700 ms  DeleteObjects: 0.212300 ms)

Prepare: number of updated asset objects reloaded= 0
AssetImportParameters requested are different than current active one (requested -> active):
  custom:container-demuxer-ogg: 62fdf1f143b41e24485cea50d1cbac27 -> 
  custom:scripting/precompiled-assembly-types:Sirenix.Serialization.Config: d73bda365eaf1e1c6acc941bd4635622 -> 
  custom:framework-win-MediaFoundation: 216162199b28c13a410421893ffa2e32 -> 
  custom:scripting/precompiled-assembly-types:Sirenix.Utilities: 3eac58a175199bf14a917c8b0e8fe7c9 -> 
  custom:scripting/monoscript/fileName/CamRotPos.cs: 1b7fd7839353e3162cde6aa6074ee6f5 -> 
  custom:container-muxer-webm: aa71ff27fc2769a1b78a27578f13a17b -> 
  custom:video-decoder-webm-vp8: 9c59270c3fd7afecdb556c50c9e8de78 -> 
  custom:scripting/monoscript/fileName/Fusion.Unity.Editor.cs: 8c37ce81cfcc3f06dc770d134eae793c -> b7dcb6dbdb6b48136ad1e279e0aad2cd
  custom:SearchIndexIgnoredProperties: e643bd26f0fe6173181afceb89e7c659 -> 
  custom:AudioImporter_EditorPlatform: d09bf68614088b80899f8185d706f6e7 -> 
  custom:scripting/monoscript/fileName/CamPosRot.cs: 1b7fd7839353e3162cde6aa6074ee6f5 -> 
  custom:scripting/precompiled-assembly-types:Sirenix.OdinInspector.Modules.UnityMathematics: 0daeba2df2804242256ba419ce6e64ba -> 
  custom:audio-decoder-ogg-vorbis: bf7c407c2cedff20999df2af8eb42d56 -> 
  custom:scripting/monoscript/fileName/OdinUpgrader.cs: ee3d9228da7555b7ff3d8bc8c2e703d7 -> 
  custom:audio-encoder-webm-vorbis: bf7c407c2cedff20999df2af8eb42d56 -> 
  custom:scripting/precompiled-assembly-types:Assembly-CSharp: 1f4188e9ba2b5cb7bd5f799cd1e78bed -> 39d1c5ab1965691b63c170b06dbe9787
  custom:scripting/precompiled-assembly-types:Fusion.Unity.Editor: 90f7e43bb7f29e2c5eb156872181acac -> 68ea4e16afd58ebae0c9e956fafeb5ba
  custom:scripting/monoscript/fileName/MathematicsDrawers.cs: f55ff2195245c57ad8dd4ae275cfa5b5 -> 
  custom:video-decoder-ogg-theora: a1e56fd34408186e4bbccfd4996cb3dc -> 
  custom:scripting/precompiled-assembly-types:Sirenix.OdinInspector.Attributes: dc05933eb78090cd5853a17a2a15fbf2 -> 
  custom:scripting/monoscript/fileName/CustomFunctions.cs: d226722cc528265545857599788035d8 -> 4dc94badee575c0d971afa66960c7fbc
  custom:CustomObjectIndexerAttribute: 72b91833f83ae208fae7752999fa3104 -> 
  custom:container-demuxer-webm: 4f35f7cbe854078d1ac9338744f61a02 -> 
  custom:scripting/precompiled-assembly-types:Sirenix.Serialization: d40ac4dea0c6cd312353b1d9bd0e929a -> 
  custom:scripting/precompiled-assembly-types:Sirenix.OdinInspector.Editor: 14cd34d1b2b86bc7ec658dbeec49ab98 -> 
  custom:scripting/precompiled-assembly-types:Sirenix.Utilities.Editor: 1a2b84993dc70e0fc09fb6b84161c4a4 -> 
  custom:video-encoder-webm-vp8: eb34c28f22e8b96e1ab97ce403110664 -> 
  custom:scripting/precompiled-assembly-types:Sirenix.Reflection.Editor: 3f78c56edd12a0461cd474bc411bc767 -> 
========================================================================
Received Import Request.
  Time since last request: 10.885673 seconds.
  path: Assets/Scripts/CamPosRot.cs
  artifactKey: Guid(b942fafc7f92a8144b9ea911df3eede3) Importer(815301076,1909f56bfc062723c751e8b465ee728b)
Start importing Assets/Scripts/CamPosRot.cs using Guid(b942fafc7f92a8144b9ea911df3eede3) Importer(815301076,1909f56bfc062723c751e8b465ee728b) [PhysX] Initialized MultithreadedTaskDispatcher with 20 workers.
 -> (artifact id: 'dd4e017365d48c9c60e8a53d849caf11') in 0.004596 seconds
Number of updated asset objects reloaded before import = 0
Number of asset objects unloaded after import = 0
========================================================================
Received Prepare
Caller must complete domain reload
Begin MonoManager ReloadAssembly
Symbol file LoadedFromMemory is not a mono symbol file
- Loaded All Assemblies, in  0.493 seconds
Native extension for WindowsStandalone target not found
Native extension for iOS target not found
Native extension for Android target not found
[Package Manager] Server::EnsureServerProcessIsRunning -- launch failed, reason: Unity was launched with the -noUpm command-line argument
[Package Manager] UpmClient::Send -- Unable to send message (not connected to UPM process).
[Package Manager] Cannot connect to Unity Package Manager local server
Mono: successfully reloaded assembly
- Finished resetting the current domain, in  1.786 seconds
Domain Reload Profiling: 2277ms
	BeginReloadAssembly (146ms)
		ExecutionOrderSort (0ms)
		DisableScriptedObjects (3ms)
		BackupInstance (0ms)
		ReleaseScriptingObjects (0ms)
		CreateAndSetChildDomain (47ms)
	RebuildCommonClasses (32ms)
	RebuildNativeTypeToScriptingClass (10ms)
	initialDomainReloadingComplete (24ms)
	LoadAllAssembliesAndSetupDomain (279ms)
		LoadAssemblies (308ms)
		RebuildTransferFunctionScriptingTraits (0ms)
		AnalyzeDomain (41ms)
			TypeCache.Refresh (11ms)
				TypeCache.ScanAssembly (1ms)
			ScanForSourceGeneratedMonoScriptInfo (19ms)
			ResolveRequiredComponents (9ms)
	FinalizeReload (1787ms)
		ReleaseScriptCaches (0ms)
		RebuildScriptCaches (0ms)
		SetupLoadedEditorAssemblies (1269ms)
			LogAssemblyErrors (0ms)
			InitializePlatformSupportModulesInManaged (22ms)
			SetLoadedEditorAssemblies (4ms)
			RefreshPlugins (0ms)
			BeforeProcessingInitializeOnLoad (80ms)
			ProcessInitializeOnLoadAttributes (701ms)
			ProcessInitializeOnLoadMethodAttributes (459ms)
			AfterProcessingInitializeOnLoad (2ms)
			EditorAssembliesLoaded (1ms)
		ExecutionOrderSort2 (0ms)
		AwakeInstancesAfterBackupRestoration (24ms)
Refreshing native plugins compatible for Editor in 23.97 ms, found 4 plugins.
Preloading 0 native plugins for Editor in 0.00 ms.
Unloading 6243 Unused Serialized files (Serialized files now loaded: 0)
Unloading 46 unused Assets / (432.4 KB). Loaded Objects now: 6975.
Memory consumption went from 228.5 MB to 228.1 MB.
Total: 17.090700 ms (FindLiveObjects: 0.375200 ms CreateObjectMapping: 0.275000 ms MarkObjects: 16.192800 ms  DeleteObjects: 0.246700 ms)

Prepare: number of updated asset objects reloaded= 0
AssetImportParameters requested are different than current active one (requested -> active):
  custom:container-demuxer-ogg: 62fdf1f143b41e24485cea50d1cbac27 -> 
  custom:scripting/precompiled-assembly-types:Sirenix.Serialization.Config: d73bda365eaf1e1c6acc941bd4635622 -> 
  custom:framework-win-MediaFoundation: 216162199b28c13a410421893ffa2e32 -> 
  custom:scripting/precompiled-assembly-types:Sirenix.Utilities: 3eac58a175199bf14a917c8b0e8fe7c9 -> 
  custom:scripting/monoscript/fileName/CamRotPos.cs: 1b7fd7839353e3162cde6aa6074ee6f5 -> 
  custom:container-muxer-webm: aa71ff27fc2769a1b78a27578f13a17b -> 
  custom:video-decoder-webm-vp8: 9c59270c3fd7afecdb556c50c9e8de78 -> 
  custom:scripting/monoscript/fileName/Fusion.Unity.Editor.cs: 8c37ce81cfcc3f06dc770d134eae793c -> b7dcb6dbdb6b48136ad1e279e0aad2cd
  custom:SearchIndexIgnoredProperties: e643bd26f0fe6173181afceb89e7c659 -> 
  custom:AudioImporter_EditorPlatform: d09bf68614088b80899f8185d706f6e7 -> 
  custom:scripting/monoscript/fileName/CamPosRot.cs: d226722cc528265545857599788035d8 -> 
  custom:scripting/precompiled-assembly-types:Sirenix.OdinInspector.Modules.UnityMathematics: 0daeba2df2804242256ba419ce6e64ba -> 
  custom:audio-decoder-ogg-vorbis: bf7c407c2cedff20999df2af8eb42d56 -> 
  custom:scripting/monoscript/fileName/OdinUpgrader.cs: ee3d9228da7555b7ff3d8bc8c2e703d7 -> 
  custom:audio-encoder-webm-vorbis: bf7c407c2cedff20999df2af8eb42d56 -> 
  custom:scripting/precompiled-assembly-types:Assembly-CSharp: 0b3ac6f7e3ada4846f4814becf3f4a5f -> 39d1c5ab1965691b63c170b06dbe9787
  custom:scripting/precompiled-assembly-types:Fusion.Unity.Editor: 90f7e43bb7f29e2c5eb156872181acac -> 68ea4e16afd58ebae0c9e956fafeb5ba
  custom:scripting/monoscript/fileName/MathematicsDrawers.cs: f55ff2195245c57ad8dd4ae275cfa5b5 -> 
  custom:video-decoder-ogg-theora: a1e56fd34408186e4bbccfd4996cb3dc -> 
  custom:scripting/precompiled-assembly-types:Sirenix.OdinInspector.Attributes: dc05933eb78090cd5853a17a2a15fbf2 -> 
  custom:scripting/monoscript/fileName/CustomFunctions.cs: d226722cc528265545857599788035d8 -> 4dc94badee575c0d971afa66960c7fbc
  custom:CustomObjectIndexerAttribute: 72b91833f83ae208fae7752999fa3104 -> 
  custom:container-demuxer-webm: 4f35f7cbe854078d1ac9338744f61a02 -> 
  custom:scripting/precompiled-assembly-types:Sirenix.Serialization: d40ac4dea0c6cd312353b1d9bd0e929a -> 
  custom:scripting/precompiled-assembly-types:Sirenix.OdinInspector.Editor: 14cd34d1b2b86bc7ec658dbeec49ab98 -> 
  custom:scripting/precompiled-assembly-types:Sirenix.Utilities.Editor: 1a2b84993dc70e0fc09fb6b84161c4a4 -> 
  custom:video-encoder-webm-vp8: eb34c28f22e8b96e1ab97ce403110664 -> 
  custom:scripting/precompiled-assembly-types:Sirenix.Reflection.Editor: 3f78c56edd12a0461cd474bc411bc767 -> 
========================================================================
Received Import Request.
  Time since last request: 7.909790 seconds.
  path: Assets/Scripts/CamPosRot.cs
  artifactKey: Guid(b942fafc7f92a8144b9ea911df3eede3) Importer(815301076,1909f56bfc062723c751e8b465ee728b)
Start importing Assets/Scripts/CamPosRot.cs using Guid(b942fafc7f92a8144b9ea911df3eede3) Importer(815301076,1909f56bfc062723c751e8b465ee728b) [PhysX] Initialized MultithreadedTaskDispatcher with 20 workers.
 -> (artifact id: 'fd0dfbb31eac11ce094a431b58232837') in 0.001751 seconds
Number of updated asset objects reloaded before import = 0
Number of asset objects unloaded after import = 0
========================================================================
Received Prepare
Caller must complete domain reload
Begin MonoManager ReloadAssembly
Symbol file LoadedFromMemory is not a mono symbol file
- Loaded All Assemblies, in  0.561 seconds
Native extension for WindowsStandalone target not found
Native extension for iOS target not found
Native extension for Android target not found
[Package Manager] Server::EnsureServerProcessIsRunning -- launch failed, reason: Unity was launched with the -noUpm command-line argument
[Package Manager] UpmClient::Send -- Unable to send message (not connected to UPM process).
[Package Manager] Cannot connect to Unity Package Manager local server
Mono: successfully reloaded assembly
- Finished resetting the current domain, in  1.183 seconds
Domain Reload Profiling: 1741ms
	BeginReloadAssembly (173ms)
		ExecutionOrderSort (0ms)
		DisableScriptedObjects (8ms)
		BackupInstance (0ms)
		ReleaseScriptingObjects (0ms)
		CreateAndSetChildDomain (56ms)
	RebuildCommonClasses (25ms)
	RebuildNativeTypeToScriptingClass (10ms)
	initialDomainReloadingComplete (29ms)
	LoadAllAssembliesAndSetupDomain (321ms)
		LoadAssemblies (358ms)
		RebuildTransferFunctionScriptingTraits (0ms)
		AnalyzeDomain (43ms)
			TypeCache.Refresh (13ms)
				TypeCache.ScanAssembly (1ms)
			ScanForSourceGeneratedMonoScriptInfo (18ms)
			ResolveRequiredComponents (10ms)
	FinalizeReload (1183ms)
		ReleaseScriptCaches (0ms)
		RebuildScriptCaches (0ms)
		SetupLoadedEditorAssemblies (687ms)
			LogAssemblyErrors (0ms)
			InitializePlatformSupportModulesInManaged (18ms)
			SetLoadedEditorAssemblies (3ms)
			RefreshPlugins (0ms)
			BeforeProcessingInitializeOnLoad (70ms)
			ProcessInitializeOnLoadAttributes (424ms)
			ProcessInitializeOnLoadMethodAttributes (169ms)
			AfterProcessingInitializeOnLoad (1ms)
			EditorAssembliesLoaded (0ms)
		ExecutionOrderSort2 (0ms)
		AwakeInstancesAfterBackupRestoration (11ms)
Refreshing native plugins compatible for Editor in 11.05 ms, found 4 plugins.
Preloading 0 native plugins for Editor in 0.00 ms.
Unloading 6243 Unused Serialized files (Serialized files now loaded: 0)
Unloading 46 unused Assets / (432.3 KB). Loaded Objects now: 6979.
Memory consumption went from 215.8 MB to 215.3 MB.
Total: 13.142100 ms (FindLiveObjects: 0.347600 ms CreateObjectMapping: 0.204400 ms MarkObjects: 12.384300 ms  DeleteObjects: 0.204800 ms)

Prepare: number of updated asset objects reloaded= 0
AssetImportParameters requested are different than current active one (requested -> active):
  custom:container-demuxer-ogg: 62fdf1f143b41e24485cea50d1cbac27 -> 
  custom:scripting/precompiled-assembly-types:Sirenix.Serialization.Config: d73bda365eaf1e1c6acc941bd4635622 -> 
  custom:framework-win-MediaFoundation: 216162199b28c13a410421893ffa2e32 -> 
  custom:scripting/precompiled-assembly-types:Sirenix.Utilities: 3eac58a175199bf14a917c8b0e8fe7c9 -> 
  custom:scripting/monoscript/fileName/CamRotPos.cs: 1b7fd7839353e3162cde6aa6074ee6f5 -> 
  custom:container-muxer-webm: aa71ff27fc2769a1b78a27578f13a17b -> 
  custom:video-decoder-webm-vp8: 9c59270c3fd7afecdb556c50c9e8de78 -> 
  custom:scripting/monoscript/fileName/Fusion.Unity.Editor.cs: 8c37ce81cfcc3f06dc770d134eae793c -> b7dcb6dbdb6b48136ad1e279e0aad2cd
  custom:SearchIndexIgnoredProperties: e643bd26f0fe6173181afceb89e7c659 -> 
  custom:AudioImporter_EditorPlatform: d09bf68614088b80899f8185d706f6e7 -> 
  custom:scripting/monoscript/fileName/CamPosRot.cs: d226722cc528265545857599788035d8 -> 
  custom:scripting/precompiled-assembly-types:Sirenix.OdinInspector.Modules.UnityMathematics: 0daeba2df2804242256ba419ce6e64ba -> 
  custom:audio-decoder-ogg-vorbis: bf7c407c2cedff20999df2af8eb42d56 -> 
  custom:scripting/monoscript/fileName/OdinUpgrader.cs: ee3d9228da7555b7ff3d8bc8c2e703d7 -> 
  custom:audio-encoder-webm-vorbis: bf7c407c2cedff20999df2af8eb42d56 -> 
  custom:scripting/precompiled-assembly-types:Assembly-CSharp: 0b3ac6f7e3ada4846f4814becf3f4a5f -> 39d1c5ab1965691b63c170b06dbe9787
  custom:scripting/precompiled-assembly-types:Fusion.Unity.Editor: 90f7e43bb7f29e2c5eb156872181acac -> 68ea4e16afd58ebae0c9e956fafeb5ba
  custom:scripting/monoscript/fileName/MathematicsDrawers.cs: f55ff2195245c57ad8dd4ae275cfa5b5 -> 
  custom:video-decoder-ogg-theora: a1e56fd34408186e4bbccfd4996cb3dc -> 
  custom:scripting/precompiled-assembly-types:Sirenix.OdinInspector.Attributes: dc05933eb78090cd5853a17a2a15fbf2 -> 
  custom:scripting/monoscript/fileName/CustomFunctions.cs: d226722cc528265545857599788035d8 -> 4dc94badee575c0d971afa66960c7fbc
  custom:CustomObjectIndexerAttribute: 72b91833f83ae208fae7752999fa3104 -> 
  custom:container-demuxer-webm: 4f35f7cbe854078d1ac9338744f61a02 -> 
  custom:scripting/precompiled-assembly-types:Sirenix.Serialization: d40ac4dea0c6cd312353b1d9bd0e929a -> 
  custom:scripting/precompiled-assembly-types:Sirenix.OdinInspector.Editor: 14cd34d1b2b86bc7ec658dbeec49ab98 -> 
  custom:scripting/precompiled-assembly-types:Sirenix.Utilities.Editor: 1a2b84993dc70e0fc09fb6b84161c4a4 -> 
  custom:video-encoder-webm-vp8: eb34c28f22e8b96e1ab97ce403110664 -> 
  custom:scripting/precompiled-assembly-types:Sirenix.Reflection.Editor: 3f78c56edd12a0461cd474bc411bc767 -> 
========================================================================
Received Prepare
Caller must complete domain reload
Begin MonoManager ReloadAssembly
Symbol file LoadedFromMemory is not a mono symbol file
- Loaded All Assemblies, in  0.531 seconds
Native extension for WindowsStandalone target not found
Native extension for iOS target not found
Native extension for Android target not found
[Package Manager] Server::EnsureServerProcessIsRunning -- launch failed, reason: Unity was launched with the -noUpm command-line argument
[Package Manager] UpmClient::Send -- Unable to send message (not connected to UPM process).
[Package Manager] Cannot connect to Unity Package Manager local server
Mono: successfully reloaded assembly
- Finished resetting the current domain, in  1.190 seconds
Domain Reload Profiling: 1718ms
	BeginReloadAssembly (159ms)
		ExecutionOrderSort (0ms)
		DisableScriptedObjects (5ms)
		BackupInstance (0ms)
		ReleaseScriptingObjects (0ms)
		CreateAndSetChildDomain (45ms)
	RebuildCommonClasses (21ms)
	RebuildNativeTypeToScriptingClass (7ms)
	initialDomainReloadingComplete (26ms)
	LoadAllAssembliesAndSetupDomain (315ms)
		LoadAssemblies (351ms)
		RebuildTransferFunctionScriptingTraits (0ms)
		AnalyzeDomain (45ms)
			TypeCache.Refresh (12ms)
				TypeCache.ScanAssembly (1ms)
			ScanForSourceGeneratedMonoScriptInfo (20ms)
			ResolveRequiredComponents (11ms)
	FinalizeReload (1190ms)
		ReleaseScriptCaches (0ms)
		RebuildScriptCaches (0ms)
		SetupLoadedEditorAssemblies (697ms)
			LogAssemblyErrors (0ms)
			InitializePlatformSupportModulesInManaged (17ms)
			SetLoadedEditorAssemblies (3ms)
			RefreshPlugins (0ms)
			BeforeProcessingInitializeOnLoad (69ms)
			ProcessInitializeOnLoadAttributes (434ms)
			ProcessInitializeOnLoadMethodAttributes (172ms)
			AfterProcessingInitializeOnLoad (1ms)
			EditorAssembliesLoaded (0ms)
		ExecutionOrderSort2 (0ms)
		AwakeInstancesAfterBackupRestoration (11ms)
Refreshing native plugins compatible for Editor in 11.23 ms, found 4 plugins.
Preloading 0 native plugins for Editor in 0.00 ms.
Unloading 6243 Unused Serialized files (Serialized files now loaded: 0)
Unloading 46 unused Assets / (433.3 KB). Loaded Objects now: 6983.
Memory consumption went from 215.8 MB to 215.3 MB.
Total: 15.843900 ms (FindLiveObjects: 0.365600 ms CreateObjectMapping: 0.212600 ms MarkObjects: 15.034500 ms  DeleteObjects: 0.229900 ms)

Prepare: number of updated asset objects reloaded= 0
AssetImportParameters requested are different than current active one (requested -> active):
  custom:container-demuxer-ogg: 62fdf1f143b41e24485cea50d1cbac27 -> 
  custom:scripting/precompiled-assembly-types:Sirenix.Serialization.Config: d73bda365eaf1e1c6acc941bd4635622 -> 
  custom:framework-win-MediaFoundation: 216162199b28c13a410421893ffa2e32 -> 
  custom:scripting/precompiled-assembly-types:Sirenix.Utilities: 3eac58a175199bf14a917c8b0e8fe7c9 -> 
  custom:scripting/monoscript/fileName/CamRotPos.cs: 1b7fd7839353e3162cde6aa6074ee6f5 -> 
  custom:container-muxer-webm: aa71ff27fc2769a1b78a27578f13a17b -> 
  custom:video-decoder-webm-vp8: 9c59270c3fd7afecdb556c50c9e8de78 -> 
  custom:scripting/monoscript/fileName/Fusion.Unity.Editor.cs: 8c37ce81cfcc3f06dc770d134eae793c -> b7dcb6dbdb6b48136ad1e279e0aad2cd
  custom:SearchIndexIgnoredProperties: e643bd26f0fe6173181afceb89e7c659 -> 
  custom:AudioImporter_EditorPlatform: d09bf68614088b80899f8185d706f6e7 -> 
  custom:scripting/monoscript/fileName/CamPosRot.cs: d226722cc528265545857599788035d8 -> 
  custom:scripting/precompiled-assembly-types:Sirenix.OdinInspector.Modules.UnityMathematics: 0daeba2df2804242256ba419ce6e64ba -> 
  custom:audio-decoder-ogg-vorbis: bf7c407c2cedff20999df2af8eb42d56 -> 
  custom:scripting/monoscript/fileName/OdinUpgrader.cs: ee3d9228da7555b7ff3d8bc8c2e703d7 -> 
  custom:audio-encoder-webm-vorbis: bf7c407c2cedff20999df2af8eb42d56 -> 
  custom:scripting/precompiled-assembly-types:Assembly-CSharp: 0b3ac6f7e3ada4846f4814becf3f4a5f -> 39d1c5ab1965691b63c170b06dbe9787
  custom:scripting/precompiled-assembly-types:Fusion.Unity.Editor: 90f7e43bb7f29e2c5eb156872181acac -> 68ea4e16afd58ebae0c9e956fafeb5ba
  custom:scripting/monoscript/fileName/MathematicsDrawers.cs: f55ff2195245c57ad8dd4ae275cfa5b5 -> 
  custom:video-decoder-ogg-theora: a1e56fd34408186e4bbccfd4996cb3dc -> 
  custom:scripting/precompiled-assembly-types:Sirenix.OdinInspector.Attributes: dc05933eb78090cd5853a17a2a15fbf2 -> 
  custom:scripting/monoscript/fileName/CustomFunctions.cs: d226722cc528265545857599788035d8 -> 4dc94badee575c0d971afa66960c7fbc
  custom:CustomObjectIndexerAttribute: 72b91833f83ae208fae7752999fa3104 -> 
  custom:container-demuxer-webm: 4f35f7cbe854078d1ac9338744f61a02 -> 
  custom:scripting/precompiled-assembly-types:Sirenix.Serialization: d40ac4dea0c6cd312353b1d9bd0e929a -> 
  custom:scripting/precompiled-assembly-types:Sirenix.OdinInspector.Editor: 14cd34d1b2b86bc7ec658dbeec49ab98 -> 
  custom:scripting/precompiled-assembly-types:Sirenix.Utilities.Editor: 1a2b84993dc70e0fc09fb6b84161c4a4 -> 
  custom:video-encoder-webm-vp8: eb34c28f22e8b96e1ab97ce403110664 -> 
  custom:scripting/precompiled-assembly-types:Sirenix.Reflection.Editor: 3f78c56edd12a0461cd474bc411bc767 -> 
========================================================================
Received Prepare
Caller must complete domain reload
Begin MonoManager ReloadAssembly
Symbol file LoadedFromMemory is not a mono symbol file
- Loaded All Assemblies, in  0.493 seconds
Native extension for WindowsStandalone target not found
Native extension for iOS target not found
Native extension for Android target not found
[Package Manager] Server::EnsureServerProcessIsRunning -- launch failed, reason: Unity was launched with the -noUpm command-line argument
[Package Manager] UpmClient::Send -- Unable to send message (not connected to UPM process).
[Package Manager] Cannot connect to Unity Package Manager local server
Mono: successfully reloaded assembly
- Finished resetting the current domain, in  1.129 seconds
Domain Reload Profiling: 1620ms
	BeginReloadAssembly (149ms)
		ExecutionOrderSort (0ms)
		DisableScriptedObjects (3ms)
		BackupInstance (0ms)
		ReleaseScriptingObjects (0ms)
		CreateAndSetChildDomain (44ms)
	RebuildCommonClasses (26ms)
	RebuildNativeTypeToScriptingClass (8ms)
	initialDomainReloadingComplete (24ms)
	LoadAllAssembliesAndSetupDomain (283ms)
		LoadAssemblies (333ms)
		RebuildTransferFunctionScriptingTraits (0ms)
		AnalyzeDomain (21ms)
			TypeCache.Refresh (9ms)
				TypeCache.ScanAssembly (0ms)
			ScanForSourceGeneratedMonoScriptInfo (0ms)
			ResolveRequiredComponents (10ms)
	FinalizeReload (1129ms)
		ReleaseScriptCaches (0ms)
		RebuildScriptCaches (0ms)
		SetupLoadedEditorAssemblies (649ms)
			LogAssemblyErrors (0ms)
			InitializePlatformSupportModulesInManaged (18ms)
			SetLoadedEditorAssemblies (4ms)
			RefreshPlugins (0ms)
			BeforeProcessingInitializeOnLoad (68ms)
			ProcessInitializeOnLoadAttributes (380ms)
			ProcessInitializeOnLoadMethodAttributes (179ms)
			AfterProcessingInitializeOnLoad (1ms)
			EditorAssembliesLoaded (0ms)
		ExecutionOrderSort2 (0ms)
		AwakeInstancesAfterBackupRestoration (13ms)
Refreshing native plugins compatible for Editor in 11.85 ms, found 4 plugins.
Preloading 0 native plugins for Editor in 0.00 ms.
Unloading 6243 Unused Serialized files (Serialized files now loaded: 0)
Unloading 46 unused Assets / (432.5 KB). Loaded Objects now: 6987.
Memory consumption went from 215.8 MB to 215.4 MB.
Total: 13.786600 ms (FindLiveObjects: 0.300100 ms CreateObjectMapping: 0.185600 ms MarkObjects: 13.086600 ms  DeleteObjects: 0.213300 ms)

Prepare: number of updated asset objects reloaded= 0
AssetImportParameters requested are different than current active one (requested -> active):
  custom:container-demuxer-ogg: 62fdf1f143b41e24485cea50d1cbac27 -> 
  custom:scripting/precompiled-assembly-types:Sirenix.Serialization.Config: d73bda365eaf1e1c6acc941bd4635622 -> 
  custom:framework-win-MediaFoundation: 216162199b28c13a410421893ffa2e32 -> 
  custom:scripting/precompiled-assembly-types:Sirenix.Utilities: 3eac58a175199bf14a917c8b0e8fe7c9 -> 
  custom:scripting/monoscript/fileName/CamRotPos.cs: 1b7fd7839353e3162cde6aa6074ee6f5 -> 
  custom:container-muxer-webm: aa71ff27fc2769a1b78a27578f13a17b -> 
  custom:video-decoder-webm-vp8: 9c59270c3fd7afecdb556c50c9e8de78 -> 
  custom:scripting/monoscript/fileName/Fusion.Unity.Editor.cs: 8c37ce81cfcc3f06dc770d134eae793c -> b7dcb6dbdb6b48136ad1e279e0aad2cd
  custom:SearchIndexIgnoredProperties: e643bd26f0fe6173181afceb89e7c659 -> 
  custom:AudioImporter_EditorPlatform: d09bf68614088b80899f8185d706f6e7 -> 
  custom:scripting/monoscript/fileName/CamPosRot.cs: d226722cc528265545857599788035d8 -> 
  custom:scripting/precompiled-assembly-types:Sirenix.OdinInspector.Modules.UnityMathematics: 0daeba2df2804242256ba419ce6e64ba -> 
  custom:audio-decoder-ogg-vorbis: bf7c407c2cedff20999df2af8eb42d56 -> 
  custom:scripting/monoscript/fileName/OdinUpgrader.cs: ee3d9228da7555b7ff3d8bc8c2e703d7 -> 
  custom:audio-encoder-webm-vorbis: bf7c407c2cedff20999df2af8eb42d56 -> 
  custom:scripting/precompiled-assembly-types:Assembly-CSharp: 0b3ac6f7e3ada4846f4814becf3f4a5f -> 39d1c5ab1965691b63c170b06dbe9787
  custom:scripting/precompiled-assembly-types:Fusion.Unity.Editor: 90f7e43bb7f29e2c5eb156872181acac -> 68ea4e16afd58ebae0c9e956fafeb5ba
  custom:scripting/monoscript/fileName/MathematicsDrawers.cs: f55ff2195245c57ad8dd4ae275cfa5b5 -> 
  custom:video-decoder-ogg-theora: a1e56fd34408186e4bbccfd4996cb3dc -> 
  custom:scripting/precompiled-assembly-types:Sirenix.OdinInspector.Attributes: dc05933eb78090cd5853a17a2a15fbf2 -> 
  custom:scripting/monoscript/fileName/CustomFunctions.cs: d226722cc528265545857599788035d8 -> 4dc94badee575c0d971afa66960c7fbc
  custom:CustomObjectIndexerAttribute: 72b91833f83ae208fae7752999fa3104 -> 
  custom:container-demuxer-webm: 4f35f7cbe854078d1ac9338744f61a02 -> 
  custom:scripting/precompiled-assembly-types:Sirenix.Serialization: d40ac4dea0c6cd312353b1d9bd0e929a -> 
  custom:scripting/precompiled-assembly-types:Sirenix.OdinInspector.Editor: 14cd34d1b2b86bc7ec658dbeec49ab98 -> 
  custom:scripting/precompiled-assembly-types:Sirenix.Utilities.Editor: 1a2b84993dc70e0fc09fb6b84161c4a4 -> 
  custom:video-encoder-webm-vp8: eb34c28f22e8b96e1ab97ce403110664 -> 
  custom:scripting/precompiled-assembly-types:Sirenix.Reflection.Editor: 3f78c56edd12a0461cd474bc411bc767 -> 
========================================================================
Received Import Request.
  Time since last request: 500.135709 seconds.
  path: Assets/Scripts/CamPosRot.cs
  artifactKey: Guid(b942fafc7f92a8144b9ea911df3eede3) Importer(815301076,1909f56bfc062723c751e8b465ee728b)
Start importing Assets/Scripts/CamPosRot.cs using Guid(b942fafc7f92a8144b9ea911df3eede3) Importer(815301076,1909f56bfc062723c751e8b465ee728b) [PhysX] Initialized MultithreadedTaskDispatcher with 20 workers.
 -> (artifact id: '615bad55d7bfca7163ef102204849a90') in 0.006237 seconds
Number of updated asset objects reloaded before import = 0
Number of asset objects unloaded after import = 0
========================================================================
Received Prepare
Caller must complete domain reload
Begin MonoManager ReloadAssembly
Symbol file LoadedFromMemory is not a mono symbol file
- Loaded All Assemblies, in  0.501 seconds
Native extension for WindowsStandalone target not found
Native extension for iOS target not found
Native extension for Android target not found
[Package Manager] Server::EnsureServerProcessIsRunning -- launch failed, reason: Unity was launched with the -noUpm command-line argument
[Package Manager] UpmClient::Send -- Unable to send message (not connected to UPM process).
[Package Manager] Cannot connect to Unity Package Manager local server
Mono: successfully reloaded assembly
- Finished resetting the current domain, in  1.190 seconds
Domain Reload Profiling: 1688ms
	BeginReloadAssembly (140ms)
		ExecutionOrderSort (0ms)
		DisableScriptedObjects (3ms)
		BackupInstance (0ms)
		ReleaseScriptingObjects (0ms)
		CreateAndSetChildDomain (45ms)
	RebuildCommonClasses (21ms)
	RebuildNativeTypeToScriptingClass (8ms)
	initialDomainReloadingComplete (27ms)
	LoadAllAssembliesAndSetupDomain (303ms)
		LoadAssemblies (324ms)
		RebuildTransferFunctionScriptingTraits (0ms)
		AnalyzeDomain (44ms)
			TypeCache.Refresh (12ms)
				TypeCache.ScanAssembly (1ms)
			ScanForSourceGeneratedMonoScriptInfo (19ms)
			ResolveRequiredComponents (11ms)
	FinalizeReload (1190ms)
		ReleaseScriptCaches (0ms)
		RebuildScriptCaches (0ms)
		SetupLoadedEditorAssemblies (692ms)
			LogAssemblyErrors (0ms)
			InitializePlatformSupportModulesInManaged (20ms)
			SetLoadedEditorAssemblies (4ms)
			RefreshPlugins (0ms)
			BeforeProcessingInitializeOnLoad (74ms)
			ProcessInitializeOnLoadAttributes (412ms)
			ProcessInitializeOnLoadMethodAttributes (181ms)
			AfterProcessingInitializeOnLoad (1ms)
			EditorAssembliesLoaded (0ms)
		ExecutionOrderSort2 (0ms)
		AwakeInstancesAfterBackupRestoration (12ms)
Refreshing native plugins compatible for Editor in 15.21 ms, found 4 plugins.
Preloading 0 native plugins for Editor in 0.00 ms.
Unloading 6243 Unused Serialized files (Serialized files now loaded: 0)
Unloading 46 unused Assets / (431.9 KB). Loaded Objects now: 6991.
Memory consumption went from 215.8 MB to 215.4 MB.
Total: 16.993100 ms (FindLiveObjects: 0.324600 ms CreateObjectMapping: 0.218500 ms MarkObjects: 16.211100 ms  DeleteObjects: 0.237400 ms)

Prepare: number of updated asset objects reloaded= 0
AssetImportParameters requested are different than current active one (requested -> active):
  custom:container-demuxer-ogg: 62fdf1f143b41e24485cea50d1cbac27 -> 
  custom:scripting/precompiled-assembly-types:Sirenix.Serialization.Config: d73bda365eaf1e1c6acc941bd4635622 -> 
  custom:framework-win-MediaFoundation: 216162199b28c13a410421893ffa2e32 -> 
  custom:scripting/precompiled-assembly-types:Sirenix.Utilities: 3eac58a175199bf14a917c8b0e8fe7c9 -> 
  custom:scripting/monoscript/fileName/CamRotPos.cs: 1b7fd7839353e3162cde6aa6074ee6f5 -> 
  custom:container-muxer-webm: aa71ff27fc2769a1b78a27578f13a17b -> 
  custom:video-decoder-webm-vp8: 9c59270c3fd7afecdb556c50c9e8de78 -> 
  custom:scripting/monoscript/fileName/Fusion.Unity.Editor.cs: 8c37ce81cfcc3f06dc770d134eae793c -> b7dcb6dbdb6b48136ad1e279e0aad2cd
  custom:SearchIndexIgnoredProperties: e643bd26f0fe6173181afceb89e7c659 -> 
  custom:AudioImporter_EditorPlatform: d09bf68614088b80899f8185d706f6e7 -> 
  custom:scripting/monoscript/fileName/CamPosRot.cs: d226722cc528265545857599788035d8 -> 
  custom:scripting/precompiled-assembly-types:Sirenix.OdinInspector.Modules.UnityMathematics: 0daeba2df2804242256ba419ce6e64ba -> 
  custom:audio-decoder-ogg-vorbis: bf7c407c2cedff20999df2af8eb42d56 -> 
  custom:scripting/monoscript/fileName/OdinUpgrader.cs: ee3d9228da7555b7ff3d8bc8c2e703d7 -> 
  custom:audio-encoder-webm-vorbis: bf7c407c2cedff20999df2af8eb42d56 -> 
  custom:scripting/precompiled-assembly-types:Assembly-CSharp: ee3955c41e15111deb4aeb1f98c5ed0b -> 39d1c5ab1965691b63c170b06dbe9787
  custom:scripting/precompiled-assembly-types:Fusion.Unity.Editor: 90f7e43bb7f29e2c5eb156872181acac -> 68ea4e16afd58ebae0c9e956fafeb5ba
  custom:scripting/monoscript/fileName/MathematicsDrawers.cs: f55ff2195245c57ad8dd4ae275cfa5b5 -> 
  custom:video-decoder-ogg-theora: a1e56fd34408186e4bbccfd4996cb3dc -> 
  custom:scripting/precompiled-assembly-types:Sirenix.OdinInspector.Attributes: dc05933eb78090cd5853a17a2a15fbf2 -> 
  custom:scripting/monoscript/fileName/CustomFunctions.cs: d226722cc528265545857599788035d8 -> 4dc94badee575c0d971afa66960c7fbc
  custom:CustomObjectIndexerAttribute: 72b91833f83ae208fae7752999fa3104 -> 
  custom:container-demuxer-webm: 4f35f7cbe854078d1ac9338744f61a02 -> 
  custom:scripting/precompiled-assembly-types:Sirenix.Serialization: d40ac4dea0c6cd312353b1d9bd0e929a -> 
  custom:scripting/precompiled-assembly-types:Sirenix.OdinInspector.Editor: 14cd34d1b2b86bc7ec658dbeec49ab98 -> 
  custom:scripting/precompiled-assembly-types:Sirenix.Utilities.Editor: 1a2b84993dc70e0fc09fb6b84161c4a4 -> 
  custom:video-encoder-webm-vp8: eb34c28f22e8b96e1ab97ce403110664 -> 
  custom:scripting/monoscript/fileName/CustomSceneManager.cs: 7600a2f63c20c3fa33946bf6126f44c9 -> 1b7fd7839353e3162cde6aa6074ee6f5
  custom:scripting/precompiled-assembly-types:Sirenix.Reflection.Editor: 3f78c56edd12a0461cd474bc411bc767 -> 
========================================================================
Received Prepare
Caller must complete domain reload
Begin MonoManager ReloadAssembly
Symbol file LoadedFromMemory is not a mono symbol file
- Loaded All Assemblies, in  0.574 seconds
Native extension for WindowsStandalone target not found
Native extension for iOS target not found
Native extension for Android target not found
[Package Manager] Server::EnsureServerProcessIsRunning -- launch failed, reason: Unity was launched with the -noUpm command-line argument
[Package Manager] UpmClient::Send -- Unable to send message (not connected to UPM process).
[Package Manager] Cannot connect to Unity Package Manager local server
Mono: successfully reloaded assembly
- Finished resetting the current domain, in  1.257 seconds
Domain Reload Profiling: 1828ms
	BeginReloadAssembly (188ms)
		ExecutionOrderSort (0ms)
		DisableScriptedObjects (6ms)
		BackupInstance (0ms)
		ReleaseScriptingObjects (0ms)
		CreateAndSetChildDomain (49ms)
	RebuildCommonClasses (26ms)
	RebuildNativeTypeToScriptingClass (9ms)
	initialDomainReloadingComplete (32ms)
	LoadAllAssembliesAndSetupDomain (315ms)
		LoadAssemblies (361ms)
		RebuildTransferFunctionScriptingTraits (0ms)
		AnalyzeDomain (54ms)
			TypeCache.Refresh (14ms)
				TypeCache.ScanAssembly (1ms)
			ScanForSourceGeneratedMonoScriptInfo (25ms)
			ResolveRequiredComponents (13ms)
	FinalizeReload (1257ms)
		ReleaseScriptCaches (0ms)
		RebuildScriptCaches (0ms)
		SetupLoadedEditorAssemblies (679ms)
			LogAssemblyErrors (0ms)
			InitializePlatformSupportModulesInManaged (24ms)
			SetLoadedEditorAssemblies (3ms)
			RefreshPlugins (0ms)
			BeforeProcessingInitializeOnLoad (80ms)
			ProcessInitializeOnLoadAttributes (392ms)
			ProcessInitializeOnLoadMethodAttributes (178ms)
			AfterProcessingInitializeOnLoad (1ms)
			EditorAssembliesLoaded (0ms)
		ExecutionOrderSort2 (0ms)
		AwakeInstancesAfterBackupRestoration (11ms)
Refreshing native plugins compatible for Editor in 11.47 ms, found 4 plugins.
Preloading 0 native plugins for Editor in 0.00 ms.
Unloading 6243 Unused Serialized files (Serialized files now loaded: 0)
Unloading 46 unused Assets / (432.4 KB). Loaded Objects now: 6995.
Memory consumption went from 215.8 MB to 215.4 MB.
Total: 13.873000 ms (FindLiveObjects: 0.306300 ms CreateObjectMapping: 0.193800 ms MarkObjects: 13.173300 ms  DeleteObjects: 0.198500 ms)

Prepare: number of updated asset objects reloaded= 0
AssetImportParameters requested are different than current active one (requested -> active):
  custom:container-demuxer-ogg: 62fdf1f143b41e24485cea50d1cbac27 -> 
  custom:scripting/precompiled-assembly-types:Sirenix.Serialization.Config: d73bda365eaf1e1c6acc941bd4635622 -> 
  custom:framework-win-MediaFoundation: 216162199b28c13a410421893ffa2e32 -> 
  custom:scripting/precompiled-assembly-types:Sirenix.Utilities: 3eac58a175199bf14a917c8b0e8fe7c9 -> 
  custom:scripting/monoscript/fileName/CamRotPos.cs: 1b7fd7839353e3162cde6aa6074ee6f5 -> 
  custom:container-muxer-webm: aa71ff27fc2769a1b78a27578f13a17b -> 
  custom:video-decoder-webm-vp8: 9c59270c3fd7afecdb556c50c9e8de78 -> 
  custom:scripting/monoscript/fileName/Fusion.Unity.Editor.cs: 8c37ce81cfcc3f06dc770d134eae793c -> b7dcb6dbdb6b48136ad1e279e0aad2cd
  custom:SearchIndexIgnoredProperties: e643bd26f0fe6173181afceb89e7c659 -> 
  custom:AudioImporter_EditorPlatform: d09bf68614088b80899f8185d706f6e7 -> 
  custom:scripting/monoscript/fileName/CamPosRot.cs: d226722cc528265545857599788035d8 -> 
  custom:scripting/precompiled-assembly-types:Sirenix.OdinInspector.Modules.UnityMathematics: 0daeba2df2804242256ba419ce6e64ba -> 
  custom:audio-decoder-ogg-vorbis: bf7c407c2cedff20999df2af8eb42d56 -> 
  custom:scripting/monoscript/fileName/OdinUpgrader.cs: ee3d9228da7555b7ff3d8bc8c2e703d7 -> 
  custom:audio-encoder-webm-vorbis: bf7c407c2cedff20999df2af8eb42d56 -> 
  custom:scripting/precompiled-assembly-types:Assembly-CSharp: 0b3ac6f7e3ada4846f4814becf3f4a5f -> 39d1c5ab1965691b63c170b06dbe9787
  custom:scripting/precompiled-assembly-types:Fusion.Unity.Editor: 90f7e43bb7f29e2c5eb156872181acac -> 68ea4e16afd58ebae0c9e956fafeb5ba
  custom:scripting/monoscript/fileName/MathematicsDrawers.cs: f55ff2195245c57ad8dd4ae275cfa5b5 -> 
  custom:video-decoder-ogg-theora: a1e56fd34408186e4bbccfd4996cb3dc -> 
  custom:scripting/precompiled-assembly-types:Sirenix.OdinInspector.Attributes: dc05933eb78090cd5853a17a2a15fbf2 -> 
  custom:scripting/monoscript/fileName/CustomFunctions.cs: d226722cc528265545857599788035d8 -> 4dc94badee575c0d971afa66960c7fbc
  custom:CustomObjectIndexerAttribute: 72b91833f83ae208fae7752999fa3104 -> 
  custom:container-demuxer-webm: 4f35f7cbe854078d1ac9338744f61a02 -> 
  custom:scripting/precompiled-assembly-types:Sirenix.Serialization: d40ac4dea0c6cd312353b1d9bd0e929a -> 
  custom:scripting/precompiled-assembly-types:Sirenix.OdinInspector.Editor: 14cd34d1b2b86bc7ec658dbeec49ab98 -> 
  custom:scripting/precompiled-assembly-types:Sirenix.Utilities.Editor: 1a2b84993dc70e0fc09fb6b84161c4a4 -> 
  custom:video-encoder-webm-vp8: eb34c28f22e8b96e1ab97ce403110664 -> 
  custom:scripting/precompiled-assembly-types:Sirenix.Reflection.Editor: 3f78c56edd12a0461cd474bc411bc767 -> 
