Using pre-set license
Built from '2022.3/staging' branch; Version is '2022.3.43f1 (85497d293fa1) revision 8735101'; Using compiler version '192829333'; Build Type 'Release'
OS: 'Windows 11  (10.0.22631) 64bit Professional' Language: 'zh' Physical Memory: 32509 MB
BatchMode: 1, IsHumanControllingUs: 0, StartBugReporterOnCrash: 0, Is64bit: 1, IsPro: 1

COMMAND LINE ARGUMENTS:
D:\Unity Hub\2022.3.43f1\Editor\Unity.exe
-adb2
-batchMode
-noUpm
-name
AssetImportWorker5
-projectPath
C:/Users/john1/OneDrive/桌面/大三作業庫/Unity/Immortopia/Immortopia
-logFile
Logs/AssetImportWorker5.log
-srvPort
64314
Successfully changed project path to: C:/Users/john1/OneDrive/桌面/大三作業庫/Unity/Immortopia/Immortopia
C:/Users/john1/OneDrive/桌面/大三作業庫/Unity/Immortopia/Immortopia
[UnityMemory] Configuration Parameters - Can be set up in boot.config
    "memorysetup-bucket-allocator-granularity=16"
    "memorysetup-bucket-allocator-bucket-count=8"
    "memorysetup-bucket-allocator-block-size=33554432"
    "memorysetup-bucket-allocator-block-count=8"
    "memorysetup-main-allocator-block-size=16777216"
    "memorysetup-thread-allocator-block-size=16777216"
    "memorysetup-gfx-main-allocator-block-size=16777216"
    "memorysetup-gfx-thread-allocator-block-size=16777216"
    "memorysetup-cache-allocator-block-size=4194304"
    "memorysetup-typetree-allocator-block-size=2097152"
    "memorysetup-profiler-bucket-allocator-granularity=16"
    "memorysetup-profiler-bucket-allocator-bucket-count=8"
    "memorysetup-profiler-bucket-allocator-block-size=33554432"
    "memorysetup-profiler-bucket-allocator-block-count=8"
    "memorysetup-profiler-allocator-block-size=16777216"
    "memorysetup-profiler-editor-allocator-block-size=1048576"
    "memorysetup-temp-allocator-size-main=16777216"
    "memorysetup-job-temp-allocator-block-size=2097152"
    "memorysetup-job-temp-allocator-block-size-background=1048576"
    "memorysetup-job-temp-allocator-reduction-small-platforms=262144"
    "memorysetup-allocator-temp-initial-block-size-main=262144"
    "memorysetup-allocator-temp-initial-block-size-worker=262144"
    "memorysetup-temp-allocator-size-background-worker=32768"
    "memorysetup-temp-allocator-size-job-worker=262144"
    "memorysetup-temp-allocator-size-preload-manager=33554432"
    "memorysetup-temp-allocator-size-nav-mesh-worker=65536"
    "memorysetup-temp-allocator-size-audio-worker=65536"
    "memorysetup-temp-allocator-size-cloud-worker=32768"
    "memorysetup-temp-allocator-size-gi-baking-worker=262144"
    "memorysetup-temp-allocator-size-gfx=262144"
Player connection [68628]  Target information:

Player connection [68628]  * "[IP] 192.168.1.105 [Port] 0 [Flags] 2 [Guid] 2630440789 [EditorId] 2630440789 [Version] 1048832 [Id] WindowsEditor(7,NewBrokenPC) [Debug] 1 [PackageName] WindowsEditor [ProjectName] Editor" 

Player connection [68628] Host joined multi-casting on [225.0.0.222:54997]...
Player connection [68628] Host joined alternative multi-casting on [225.0.0.222:34997]...
[PhysX] Initialized MultithreadedTaskDispatcher with 20 workers.
Refreshing native plugins compatible for Editor in 12.20 ms, found 3 plugins.
Preloading 0 native plugins for Editor in 0.00 ms.
Initialize engine version: 2022.3.43f1 (85497d293fa1)
[Subsystems] Discovering subsystems at path D:/Unity Hub/2022.3.43f1/Editor/Data/Resources/UnitySubsystems
[Subsystems] Discovering subsystems at path C:/Users/john1/OneDrive/桌面/大三作業庫/Unity/Immortopia/Immortopia/Assets
GfxDevice: creating device client; threaded=0; jobified=0
Direct3D:
    Version:  Direct3D 11.0 [level 11.1]
    Renderer: NVIDIA GeForce RTX 3070 Ti (ID=0x2482)
    Vendor:   NVIDIA
    VRAM:     8018 MB
    Driver:   32.0.15.6590
Initialize mono
Mono path[0] = 'D:/Unity Hub/2022.3.43f1/Editor/Data/Managed'
Mono path[1] = 'D:/Unity Hub/2022.3.43f1/Editor/Data/MonoBleedingEdge/lib/mono/unityjit-win32'
Mono config path = 'D:/Unity Hub/2022.3.43f1/Editor/Data/MonoBleedingEdge/etc'
Using monoOptions --debugger-agent=transport=dt_socket,embedding=1,server=y,suspend=n,address=127.0.0.1:56008
Begin MonoManager ReloadAssembly
Registering precompiled unity dll's ...
Register platform support module: D:/Unity Hub/2022.3.43f1/Editor/Data/PlaybackEngines/AndroidPlayer/UnityEditor.Android.Extensions.dll
Register platform support module: D:/Unity Hub/2022.3.43f1/Editor/Data/PlaybackEngines/iOSSupport/UnityEditor.iOS.Extensions.dll
Register platform support module: D:/Unity Hub/2022.3.43f1/Editor/Data/PlaybackEngines/WindowsStandaloneSupport/UnityEditor.WindowsStandalone.Extensions.dll
Registered in 0.003755 seconds.
- Loaded All Assemblies, in  0.242 seconds
Native extension for WindowsStandalone target not found
Native extension for iOS target not found
Native extension for Android target not found
Android Extension - Scanning For ADB Devices 280 ms
Mono: successfully reloaded assembly
- Finished resetting the current domain, in  0.478 seconds
Domain Reload Profiling: 719ms
	BeginReloadAssembly (78ms)
		ExecutionOrderSort (0ms)
		DisableScriptedObjects (0ms)
		BackupInstance (0ms)
		ReleaseScriptingObjects (0ms)
		CreateAndSetChildDomain (1ms)
	RebuildCommonClasses (23ms)
	RebuildNativeTypeToScriptingClass (9ms)
	initialDomainReloadingComplete (35ms)
	LoadAllAssembliesAndSetupDomain (96ms)
		LoadAssemblies (79ms)
		RebuildTransferFunctionScriptingTraits (0ms)
		AnalyzeDomain (94ms)
			TypeCache.Refresh (93ms)
				TypeCache.ScanAssembly (84ms)
			ScanForSourceGeneratedMonoScriptInfo (0ms)
			ResolveRequiredComponents (0ms)
	FinalizeReload (478ms)
		ReleaseScriptCaches (0ms)
		RebuildScriptCaches (0ms)
		SetupLoadedEditorAssemblies (450ms)
			LogAssemblyErrors (0ms)
			InitializePlatformSupportModulesInManaged (336ms)
			SetLoadedEditorAssemblies (3ms)
			RefreshPlugins (0ms)
			BeforeProcessingInitializeOnLoad (1ms)
			ProcessInitializeOnLoadAttributes (77ms)
			ProcessInitializeOnLoadMethodAttributes (32ms)
			AfterProcessingInitializeOnLoad (0ms)
			EditorAssembliesLoaded (0ms)
		ExecutionOrderSort2 (0ms)
		AwakeInstancesAfterBackupRestoration (0ms)
========================================================================
Worker process is ready to serve import requests
Caller must complete domain reload
Begin MonoManager ReloadAssembly
- Loaded All Assemblies, in  0.526 seconds
Native extension for WindowsStandalone target not found
Native extension for iOS target not found
Native extension for Android target not found
Package Manager log level set to [2]
[Package Manager] Server::EnsureServerProcessIsRunning -- launch failed, reason: Unity was launched with the -noUpm command-line argument
[Package Manager] UpmClient::Send -- Unable to send message (not connected to UPM process).
[Package Manager] Cannot connect to Unity Package Manager local server
Mono: successfully reloaded assembly
- Finished resetting the current domain, in  0.523 seconds
Domain Reload Profiling: 1048ms
	BeginReloadAssembly (108ms)
		ExecutionOrderSort (0ms)
		DisableScriptedObjects (3ms)
		BackupInstance (0ms)
		ReleaseScriptingObjects (0ms)
		CreateAndSetChildDomain (17ms)
	RebuildCommonClasses (22ms)
	RebuildNativeTypeToScriptingClass (7ms)
	initialDomainReloadingComplete (29ms)
	LoadAllAssembliesAndSetupDomain (359ms)
		LoadAssemblies (259ms)
		RebuildTransferFunctionScriptingTraits (0ms)
		AnalyzeDomain (164ms)
			TypeCache.Refresh (136ms)
				TypeCache.ScanAssembly (119ms)
			ScanForSourceGeneratedMonoScriptInfo (20ms)
			ResolveRequiredComponents (7ms)
	FinalizeReload (523ms)
		ReleaseScriptCaches (0ms)
		RebuildScriptCaches (0ms)
		SetupLoadedEditorAssemblies (417ms)
			LogAssemblyErrors (0ms)
			InitializePlatformSupportModulesInManaged (17ms)
			SetLoadedEditorAssemblies (2ms)
			RefreshPlugins (0ms)
			BeforeProcessingInitializeOnLoad (59ms)
			ProcessInitializeOnLoadAttributes (209ms)
			ProcessInitializeOnLoadMethodAttributes (128ms)
			AfterProcessingInitializeOnLoad (1ms)
			EditorAssembliesLoaded (0ms)
		ExecutionOrderSort2 (0ms)
		AwakeInstancesAfterBackupRestoration (5ms)
Launched and connected shader compiler UnityShaderCompiler.exe after 0.05 seconds
Refreshing native plugins compatible for Editor in 6.22 ms, found 3 plugins.
Preloading 0 native plugins for Editor in 0.00 ms.
Unloading 6039 Unused Serialized files (Serialized files now loaded: 0)
Unloading 32 unused Assets / (348.5 KB). Loaded Objects now: 6505.
Memory consumption went from 222.4 MB to 222.0 MB.
Total: 6.094900 ms (FindLiveObjects: 0.283800 ms CreateObjectMapping: 0.192300 ms MarkObjects: 5.485600 ms  DeleteObjects: 0.132400 ms)

AssetImportParameters requested are different than current active one (requested -> active):
  custom:container-demuxer-ogg: 62fdf1f143b41e24485cea50d1cbac27 -> 
  custom:video-decoder-ogg-theora: a1e56fd34408186e4bbccfd4996cb3dc -> 
  custom:framework-win-MediaFoundation: 216162199b28c13a410421893ffa2e32 -> 
  custom:CustomObjectIndexerAttribute: 72b91833f83ae208fae7752999fa3104 -> 
  custom:container-demuxer-webm: 4f35f7cbe854078d1ac9338744f61a02 -> 
  custom:container-muxer-webm: aa71ff27fc2769a1b78a27578f13a17b -> 
  custom:video-decoder-webm-vp8: 9c59270c3fd7afecdb556c50c9e8de78 -> 
  custom:SearchIndexIgnoredProperties: e643bd26f0fe6173181afceb89e7c659 -> 
  custom:AudioImporter_EditorPlatform: d09bf68614088b80899f8185d706f6e7 -> 
  custom:video-encoder-webm-vp8: eb34c28f22e8b96e1ab97ce403110664 -> 
  custom:audio-decoder-ogg-vorbis: bf7c407c2cedff20999df2af8eb42d56 -> 
  custom:audio-encoder-webm-vorbis: bf7c407c2cedff20999df2af8eb42d56 -> 
========================================================================
Received Import Request.
  Time since last request: 528850.237097 seconds.
  path: Assets/Settings/URP-HighFidelity.asset
  artifactKey: Guid(7b7fd9122c28c4d15b667c7040e3b3fd) Importer(2089858483,0ecaa5967403d082aa24f35e1b516d23)
Start importing Assets/Settings/URP-HighFidelity.asset using Guid(7b7fd9122c28c4d15b667c7040e3b3fd) Importer(2089858483,0ecaa5967403d082aa24f35e1b516d23) [PhysX] Initialized MultithreadedTaskDispatcher with 20 workers.
 -> (artifact id: '463adc627792c1d6b00030ede7a12dad') in 0.154492 seconds
Number of updated asset objects reloaded before import = 3
Number of asset objects unloaded after import = 1
========================================================================
Received Prepare
Caller must complete domain reload
Begin MonoManager ReloadAssembly
- Loaded All Assemblies, in  0.580 seconds
Native extension for WindowsStandalone target not found
Native extension for iOS target not found
Native extension for Android target not found
<color=#73ACE5>[FusionEditor/Installer]</color> Setting PlayerSettings.runInBackground to true
UnityEngine.StackTraceUtility:ExtractStackTrace ()
UnityEngine.DebugLogHandler:LogFormat (UnityEngine.LogType,UnityEngine.Object,string,object[])
UnityEngine.Logger:Log (UnityEngine.LogType,object)
UnityEngine.Debug:Log (object)
Fusion.FusionEditorLog:LogInstaller (string)
Fusion.Editor.FusionInstaller:.cctor () (at Assets/Photon/Fusion/Editor/Fusion.Unity.Editor.cs:11694)
System.Runtime.CompilerServices.RuntimeHelpers:RunClassConstructor (System.RuntimeTypeHandle)
UnityEditor.EditorAssemblies:ProcessInitializeOnLoadAttributes (System.Type[])

(Filename: Assets/Photon/Fusion/Editor/Fusion.Unity.Editor.cs Line: 11694)

<color=#73ACE5>[FusionEditor/Installer]</color> Setting 'FUSION_WEAVER' & 'FUSION2' Define
UnityEngine.StackTraceUtility:ExtractStackTrace ()
UnityEngine.DebugLogHandler:LogFormat (UnityEngine.LogType,UnityEngine.Object,string,object[])
UnityEngine.Logger:Log (UnityEngine.LogType,object)
UnityEngine.Debug:Log (object)
Fusion.FusionEditorLog:LogInstaller (string)
Fusion.Editor.FusionInstaller:.cctor () (at Assets/Photon/Fusion/Editor/Fusion.Unity.Editor.cs:11701)
System.Runtime.CompilerServices.RuntimeHelpers:RunClassConstructor (System.RuntimeTypeHandle)
UnityEditor.EditorAssemblies:ProcessInitializeOnLoadAttributes (System.Type[])

(Filename: Assets/Photon/Fusion/Editor/Fusion.Unity.Editor.cs Line: 11701)

[ScriptCompilation] NOT recompiling all scripts because this is an import worker process. Reason to compile was: Define symbols changed
[Package Manager] Server::EnsureServerProcessIsRunning -- launch failed, reason: Unity was launched with the -noUpm command-line argument
[Package Manager] UpmClient::Send -- Unable to send message (not connected to UPM process).
[Package Manager] Cannot connect to Unity Package Manager local server
Mono: successfully reloaded assembly
- Finished resetting the current domain, in  1.233 seconds
Domain Reload Profiling: 1811ms
	BeginReloadAssembly (145ms)
		ExecutionOrderSort (0ms)
		DisableScriptedObjects (4ms)
		BackupInstance (0ms)
		ReleaseScriptingObjects (0ms)
		CreateAndSetChildDomain (48ms)
	RebuildCommonClasses (25ms)
	RebuildNativeTypeToScriptingClass (8ms)
	initialDomainReloadingComplete (26ms)
	LoadAllAssembliesAndSetupDomain (373ms)
		LoadAssemblies (319ms)
		RebuildTransferFunctionScriptingTraits (0ms)
		AnalyzeDomain (119ms)
			TypeCache.Refresh (92ms)
				TypeCache.ScanAssembly (80ms)
			ScanForSourceGeneratedMonoScriptInfo (17ms)
			ResolveRequiredComponents (9ms)
	FinalizeReload (1233ms)
		ReleaseScriptCaches (0ms)
		RebuildScriptCaches (0ms)
		SetupLoadedEditorAssemblies (524ms)
			LogAssemblyErrors (0ms)
			InitializePlatformSupportModulesInManaged (19ms)
			SetLoadedEditorAssemblies (3ms)
			RefreshPlugins (0ms)
			BeforeProcessingInitializeOnLoad (67ms)
			ProcessInitializeOnLoadAttributes (314ms)
			ProcessInitializeOnLoadMethodAttributes (120ms)
			AfterProcessingInitializeOnLoad (2ms)
			EditorAssembliesLoaded (0ms)
		ExecutionOrderSort2 (0ms)
		AwakeInstancesAfterBackupRestoration (14ms)
Script is not up to date after domain reload: guid(2c942432c8301d3489edbfb539e736bd) path("Packages/com.unity.nuget.mono-cecil/Mono.Cecil.Rocks.dll") state(2)
Script is not up to date after domain reload: guid(2d0dcfb487a314b6e9f87af7a2280043) path("Packages/com.unity.nuget.mono-cecil/Tests/Editor/MonoCecilEditorTests.cs") state(2)
Script is not up to date after domain reload: guid(80a939763935fdd40bf953a1e49678cf) path("Packages/com.unity.nuget.mono-cecil/Mono.Cecil.Pdb.dll") state(2)
Script is not up to date after domain reload: guid(9c645c01fff7ef4408fce23b5ffb344d) path("Packages/com.unity.nuget.mono-cecil/Mono.Cecil.dll") state(2)
Script is not up to date after domain reload: guid(a58b6fd31ddc7d8488bd40b29f1472c3) path("Packages/com.unity.nuget.mono-cecil/Mono.Cecil.Mdb.dll") state(2)
Refreshing native plugins compatible for Editor in 18.64 ms, found 4 plugins.
Preloading 0 native plugins for Editor in 0.00 ms.
Unloading 5932 Unused Serialized files (Serialized files now loaded: 0)
Unloading 32 unused Assets / (352.4 KB). Loaded Objects now: 6569.
Memory consumption went from 198.8 MB to 198.4 MB.
Total: 10.240000 ms (FindLiveObjects: 0.666300 ms CreateObjectMapping: 0.572900 ms MarkObjects: 8.770100 ms  DeleteObjects: 0.229300 ms)

Prepare: number of updated asset objects reloaded= 0
AssetImportParameters requested are different than current active one (requested -> active):
  custom:scripting/monoscript/fileName/FusionRunnerVisibilityControlsWindow.cs: 503e55d51d5bac9ff9db7e3128ab6896 -> 
  custom:container-demuxer-ogg: 62fdf1f143b41e24485cea50d1cbac27 -> 
  custom:scripting/precompiled-assembly-types:websocket-sharp: 14fbe16c400853e620dbee885c09856b -> 
  custom:scripting/precompiled-assembly-types:Photon3Unity3D: c6b5832f40bb2e6733b55db4d782a76d -> 
  custom:scripting/precompiled-assembly-types:Fusion.Sockets: 9fb5846d0e49f79a62e53897c4dfc26f -> 
  custom:video-decoder-ogg-theora: a1e56fd34408186e4bbccfd4996cb3dc -> 
  custom:scripting/monoscript/fileName/FusionBasicBillboard.cs: a80a3abf722bfab7012d987c953fb25b -> 
  custom:framework-win-MediaFoundation: 216162199b28c13a410421893ffa2e32 -> 
  custom:scripting/monoscript/fileName/NetworkProjectConfigImporterEditor.cs: 0b9c7f8db96d38ff89dc9f2e19e80a40 -> 
  custom:scripting/monoscript/fileName/EnableOnSingleRunner.cs: 9976ce768e23cc0678b095d30598d8cd -> 
  custom:scripting/monoscript/fileName/FusionWeaverTriggerImporter.cs: 5fc682d3abd06512b01d7350f2f8770a -> 
  custom:scripting/monoscript/fileName/FusionNetworkObjectStatistics.cs: 021db0ff7e2d9da1efde47d41baabec6 -> 
  custom:scripting/monoscript/fileName/FusionAddressablePrefabsPreloader.cs: 609c7194fc18608a6ba4972670be253b -> 
  custom:scripting/monoscript/fileName/FusionBootstrap.cs: 6c11197935a2055b5e9a8f3a7b6b3582 -> 
  custom:scripting/monoscript/fileName/NetworkCharacterController.cs: 0d9ab4a1b508efe718225ceffebd8e54 -> 
  custom:scripting/monoscript/fileName/NetworkObjectProviderDefault.cs: 0eb113b3784be4de9cc2f3cdcdf5e36c -> 
  custom:scripting/monoscript/fileName/FusionStatsConfig.cs: d07ac9fd432a3fe1fc143ca6057eefa0 -> 
  custom:CustomObjectIndexerAttribute: 72b91833f83ae208fae7752999fa3104 -> 
  custom:scripting/monoscript/fileName/FusionStatsGraphDefault.cs: 5ee101599c172926cb7544039c27358d -> 
  custom:container-demuxer-webm: 4f35f7cbe854078d1ac9338744f61a02 -> 
  custom:scripting/monoscript/fileName/FusionStatsPanelHeader.cs: 4548dffe5115cb5888d454a4d21545ba -> 
  custom:scripting/monoscript/fileName/RunnerVisibilityLink.cs: 6e4a2325960fce24f58edb6ee6b338d8 -> 
  custom:container-muxer-webm: aa71ff27fc2769a1b78a27578f13a17b -> 
  custom:video-decoder-webm-vp8: 9c59270c3fd7afecdb556c50c9e8de78 -> 
  custom:scripting/monoscript/fileName/NetworkPrefabsInspector.cs: d5690b6a52b511d4d789d0067f817a3c -> 
  custom:scripting/monoscript/fileName/Fusion.Unity.Editor.cs: 48a145cd8a74e9c9562a1f15ca91cf96 -> 
  custom:scripting/precompiled-assembly-types:Fusion.Runtime: 7e594ae8b4bdbcc37644229d4539762e -> 
  custom:scripting/monoscript/fileName/FusionStatsWorldAnchor.cs: e51e9d4336f8910a14a6d0db6934550f -> 
  custom:SearchIndexIgnoredProperties: e643bd26f0fe6173181afceb89e7c659 -> 
  custom:AudioImporter_EditorPlatform: d09bf68614088b80899f8185d706f6e7 -> 
  custom:scripting/monoscript/fileName/FusionNetworkObjectStatsGraph.cs: 9984a882a8791892508319702985b2a1 -> 
  custom:scripting/monoscript/fileName/RunnerLagCompensationGizmos.cs: f7028307a5d8b8de388a40efb20302af -> 
  custom:scripting/monoscript/fileName/RunnerVisibilityLinksRoot.cs: 64f229c02655e4ab1b3ad93c7368ccfe -> 
  custom:scripting/monoscript/fileName/Fusion.Unity.cs: 637ce84f5d924288b5841d0c572e7c7e -> 
  custom:scripting/monoscript/fileName/FusionNetworkObjectStatsGraphCombine.cs: 504ba5016b23b7b24ba99fd9902d9b08 -> 
  custom:scripting/monoscript/fileName/RunnerEnableVisibility.cs: e1b57f1bd6fcbd3137975404af4bcf85 -> 
  custom:scripting/monoscript/fileName/FusionStatsCanvas.cs: 416da2e503a8c9751993b0a30323c49f -> 
  custom:scripting/monoscript/fileName/NetworkProjectConfigImporter.cs: a2caae9d85fed596662aa6841efc1b3e -> 
  custom:scripting/monoscript/fileName/FusionEditorConfigImporter.cs: efe09da10695ecc318b2a0af514b1210 -> 
  custom:video-encoder-webm-vp8: eb34c28f22e8b96e1ab97ce403110664 -> 
  custom:scripting/precompiled-assembly-types:Fusion.Realtime: e0f689bc800d7f4dbb38556dab9ab917 -> 
  custom:audio-decoder-ogg-vorbis: bf7c407c2cedff20999df2af8eb42d56 -> 
  custom:scripting/precompiled-assembly-types:Fusion.Common: 405307a00445c43b95790cf1621743d3 -> 
  custom:scripting/precompiled-assembly-types:Fusion.Unity: c2cb3f71ad0397b1dd48b94e5a353f38 -> 
  custom:scripting/monoscript/fileName/FusionStatistics.cs: 106e5dd35e0be1ca1db7ee4ef56a87b5 -> 
  custom:scripting/monoscript/fileName/NetworkSceneManagerDefault.cs: 871a1346f3625e42e5be83f620052e51 -> 
  custom:scripting/precompiled-assembly-types:NanoSockets: 5215c3b157b18801e4d4a67db049f6fb -> 
  custom:scripting/monoscript/fileName/FusionBootstrapDebugGUI.cs: 371b4228dd1f5808b5897e19c03d546a -> 
  custom:audio-encoder-webm-vorbis: bf7c407c2cedff20999df2af8eb42d56 -> 
  custom:scripting/monoscript/fileName/RunnerAOIGizmos.cs: 8b1629a60417f80a3d501474e540ad3f -> 
  custom:scripting/monoscript/fileName/FusionEditorSkin.cs: c6dee1ba664a2a78ce51705f2322e50c -> 
  custom:scripting/precompiled-assembly-types:Fusion.Log: 17ae28182ca24f7ef3aba1ab6cfb3aea -> 
  custom:scripting/precompiled-assembly-types:Fusion.Unity.Editor: 3a9bc2e5511997a9db727cf7083c77ec -> 
========================================================================
Received Prepare
Caller must complete domain reload
Begin MonoManager ReloadAssembly
- Loaded All Assemblies, in  0.583 seconds
Native extension for WindowsStandalone target not found
Native extension for iOS target not found
Native extension for Android target not found
<color=#73ACE5>[FusionEditor/Installer]</color> Setting PlayerSettings.runInBackground to true
UnityEngine.StackTraceUtility:ExtractStackTrace ()
UnityEngine.DebugLogHandler:LogFormat (UnityEngine.LogType,UnityEngine.Object,string,object[])
UnityEngine.Logger:Log (UnityEngine.LogType,object)
UnityEngine.Debug:Log (object)
Fusion.FusionEditorLog:LogInstaller (string)
Fusion.Editor.FusionInstaller:.cctor () (at Assets/Photon/Fusion/Editor/Fusion.Unity.Editor.cs:11694)
System.Runtime.CompilerServices.RuntimeHelpers:RunClassConstructor (System.RuntimeTypeHandle)
UnityEditor.EditorAssemblies:ProcessInitializeOnLoadAttributes (System.Type[])

(Filename: Assets/Photon/Fusion/Editor/Fusion.Unity.Editor.cs Line: 11694)

<color=#73ACE5>[FusionEditor/Installer]</color> Setting 'FUSION_WEAVER' & 'FUSION2' Define
UnityEngine.StackTraceUtility:ExtractStackTrace ()
UnityEngine.DebugLogHandler:LogFormat (UnityEngine.LogType,UnityEngine.Object,string,object[])
UnityEngine.Logger:Log (UnityEngine.LogType,object)
UnityEngine.Debug:Log (object)
Fusion.FusionEditorLog:LogInstaller (string)
Fusion.Editor.FusionInstaller:.cctor () (at Assets/Photon/Fusion/Editor/Fusion.Unity.Editor.cs:11701)
System.Runtime.CompilerServices.RuntimeHelpers:RunClassConstructor (System.RuntimeTypeHandle)
UnityEditor.EditorAssemblies:ProcessInitializeOnLoadAttributes (System.Type[])

(Filename: Assets/Photon/Fusion/Editor/Fusion.Unity.Editor.cs Line: 11701)

[ScriptCompilation] NOT recompiling all scripts because this is an import worker process. Reason to compile was: Define symbols changed
[Package Manager] Server::EnsureServerProcessIsRunning -- launch failed, reason: Unity was launched with the -noUpm command-line argument
[Package Manager] UpmClient::Send -- Unable to send message (not connected to UPM process).
[Package Manager] Cannot connect to Unity Package Manager local server
Mono: successfully reloaded assembly
- Finished resetting the current domain, in  1.061 seconds
Domain Reload Profiling: 1642ms
	BeginReloadAssembly (169ms)
		ExecutionOrderSort (0ms)
		DisableScriptedObjects (4ms)
		BackupInstance (0ms)
		ReleaseScriptingObjects (0ms)
		CreateAndSetChildDomain (34ms)
	RebuildCommonClasses (27ms)
	RebuildNativeTypeToScriptingClass (25ms)
	initialDomainReloadingComplete (21ms)
	LoadAllAssembliesAndSetupDomain (340ms)
		LoadAssemblies (332ms)
		RebuildTransferFunctionScriptingTraits (0ms)
		AnalyzeDomain (114ms)
			TypeCache.Refresh (89ms)
				TypeCache.ScanAssembly (78ms)
			ScanForSourceGeneratedMonoScriptInfo (17ms)
			ResolveRequiredComponents (7ms)
	FinalizeReload (1061ms)
		ReleaseScriptCaches (0ms)
		RebuildScriptCaches (0ms)
		SetupLoadedEditorAssemblies (569ms)
			LogAssemblyErrors (0ms)
			InitializePlatformSupportModulesInManaged (36ms)
			SetLoadedEditorAssemblies (8ms)
			RefreshPlugins (0ms)
			BeforeProcessingInitializeOnLoad (66ms)
			ProcessInitializeOnLoadAttributes (324ms)
			ProcessInitializeOnLoadMethodAttributes (133ms)
			AfterProcessingInitializeOnLoad (1ms)
			EditorAssembliesLoaded (0ms)
		ExecutionOrderSort2 (0ms)
		AwakeInstancesAfterBackupRestoration (13ms)
Refreshing native plugins compatible for Editor in 29.17 ms, found 4 plugins.
Preloading 0 native plugins for Editor in 0.00 ms.
Unloading 5937 Unused Serialized files (Serialized files now loaded: 0)
Unloading 36 unused Assets / (354.7 KB). Loaded Objects now: 6574.
Memory consumption went from 199.1 MB to 198.7 MB.
Total: 10.229600 ms (FindLiveObjects: 0.506500 ms CreateObjectMapping: 0.478800 ms MarkObjects: 8.976700 ms  DeleteObjects: 0.265800 ms)

Prepare: number of updated asset objects reloaded= 0
AssetImportParameters requested are different than current active one (requested -> active):
  custom:scripting/monoscript/fileName/FusionRunnerVisibilityControlsWindow.cs: 503e55d51d5bac9ff9db7e3128ab6896 -> 
  custom:container-demuxer-ogg: 62fdf1f143b41e24485cea50d1cbac27 -> 
  custom:scripting/precompiled-assembly-types:websocket-sharp: 14fbe16c400853e620dbee885c09856b -> 
  custom:scripting/precompiled-assembly-types:Photon3Unity3D: c6b5832f40bb2e6733b55db4d782a76d -> 
  custom:scripting/precompiled-assembly-types:Fusion.Sockets: 9fb5846d0e49f79a62e53897c4dfc26f -> 
  custom:video-decoder-ogg-theora: a1e56fd34408186e4bbccfd4996cb3dc -> 
  custom:scripting/monoscript/fileName/FusionBasicBillboard.cs: a80a3abf722bfab7012d987c953fb25b -> 
  custom:framework-win-MediaFoundation: 216162199b28c13a410421893ffa2e32 -> 
  custom:scripting/monoscript/fileName/NetworkProjectConfigImporterEditor.cs: 0b9c7f8db96d38ff89dc9f2e19e80a40 -> 
  custom:scripting/monoscript/fileName/EnableOnSingleRunner.cs: 9976ce768e23cc0678b095d30598d8cd -> 
  custom:scripting/monoscript/fileName/FusionWeaverTriggerImporter.cs: 5fc682d3abd06512b01d7350f2f8770a -> 
  custom:scripting/monoscript/fileName/FusionNetworkObjectStatistics.cs: 021db0ff7e2d9da1efde47d41baabec6 -> 
  custom:scripting/monoscript/fileName/FusionAddressablePrefabsPreloader.cs: 609c7194fc18608a6ba4972670be253b -> 
  custom:scripting/monoscript/fileName/FusionBootstrap.cs: 6c11197935a2055b5e9a8f3a7b6b3582 -> 
  custom:scripting/monoscript/fileName/NetworkCharacterController.cs: 0d9ab4a1b508efe718225ceffebd8e54 -> 
  custom:scripting/monoscript/fileName/NetworkObjectProviderDefault.cs: 0eb113b3784be4de9cc2f3cdcdf5e36c -> 
  custom:scripting/monoscript/fileName/FusionStatsConfig.cs: d07ac9fd432a3fe1fc143ca6057eefa0 -> 
  custom:CustomObjectIndexerAttribute: 72b91833f83ae208fae7752999fa3104 -> 
  custom:scripting/monoscript/fileName/FusionStatsGraphDefault.cs: 5ee101599c172926cb7544039c27358d -> 
  custom:scripting/precompiled-assembly-types:Mono.Cecil.Rocks: 5f71c6f5683af58c1bc2dc303f06a8f9 -> 
  custom:container-demuxer-webm: 4f35f7cbe854078d1ac9338744f61a02 -> 
  custom:scripting/monoscript/fileName/FusionStatsPanelHeader.cs: 4548dffe5115cb5888d454a4d21545ba -> 
  custom:scripting/monoscript/fileName/RunnerVisibilityLink.cs: 6e4a2325960fce24f58edb6ee6b338d8 -> 
  custom:scripting/precompiled-assembly-types:Mono.Cecil: a89b8974831fb168c35dab32ff4bc2ab -> 
  custom:container-muxer-webm: aa71ff27fc2769a1b78a27578f13a17b -> 
  custom:video-decoder-webm-vp8: 9c59270c3fd7afecdb556c50c9e8de78 -> 
  custom:scripting/monoscript/fileName/NetworkPrefabsInspector.cs: d5690b6a52b511d4d789d0067f817a3c -> 
  custom:scripting/monoscript/fileName/Fusion.Unity.Editor.cs: 48a145cd8a74e9c9562a1f15ca91cf96 -> 
  custom:scripting/precompiled-assembly-types:Fusion.Runtime: 7e594ae8b4bdbcc37644229d4539762e -> 
  custom:scripting/monoscript/fileName/FusionStatsWorldAnchor.cs: e51e9d4336f8910a14a6d0db6934550f -> 
  custom:SearchIndexIgnoredProperties: e643bd26f0fe6173181afceb89e7c659 -> 
  custom:AudioImporter_EditorPlatform: d09bf68614088b80899f8185d706f6e7 -> 
  custom:scripting/monoscript/fileName/FusionNetworkObjectStatsGraph.cs: 9984a882a8791892508319702985b2a1 -> 
  custom:scripting/monoscript/fileName/RunnerLagCompensationGizmos.cs: f7028307a5d8b8de388a40efb20302af -> 
  custom:scripting/monoscript/fileName/RunnerVisibilityLinksRoot.cs: 64f229c02655e4ab1b3ad93c7368ccfe -> 
  custom:scripting/monoscript/fileName/Fusion.Unity.cs: 637ce84f5d924288b5841d0c572e7c7e -> 
  custom:scripting/precompiled-assembly-types:Mono.Cecil.Mdb: eeaf3d2a18354879d00d7a56d9384f12 -> 
  custom:scripting/monoscript/fileName/FusionNetworkObjectStatsGraphCombine.cs: 504ba5016b23b7b24ba99fd9902d9b08 -> 
  custom:scripting/monoscript/fileName/RunnerEnableVisibility.cs: e1b57f1bd6fcbd3137975404af4bcf85 -> 
  custom:scripting/monoscript/fileName/FusionStatsCanvas.cs: 416da2e503a8c9751993b0a30323c49f -> 
  custom:scripting/monoscript/fileName/NetworkProjectConfigImporter.cs: a2caae9d85fed596662aa6841efc1b3e -> 
  custom:scripting/monoscript/fileName/FusionEditorConfigImporter.cs: efe09da10695ecc318b2a0af514b1210 -> 
  custom:video-encoder-webm-vp8: eb34c28f22e8b96e1ab97ce403110664 -> 
  custom:scripting/precompiled-assembly-types:Fusion.Realtime: e0f689bc800d7f4dbb38556dab9ab917 -> 
  custom:audio-decoder-ogg-vorbis: bf7c407c2cedff20999df2af8eb42d56 -> 
  custom:scripting/precompiled-assembly-types:Fusion.Common: 405307a00445c43b95790cf1621743d3 -> 
  custom:scripting/precompiled-assembly-types:Fusion.Unity: c2cb3f71ad0397b1dd48b94e5a353f38 -> 
  custom:scripting/monoscript/fileName/FusionStatistics.cs: 106e5dd35e0be1ca1db7ee4ef56a87b5 -> 
  custom:scripting/monoscript/fileName/NetworkSceneManagerDefault.cs: 871a1346f3625e42e5be83f620052e51 -> 
  custom:scripting/precompiled-assembly-types:NanoSockets: 5215c3b157b18801e4d4a67db049f6fb -> 
  custom:scripting/precompiled-assembly-types:Mono.Cecil.Pdb: 8503f4121aa743c4dd93ab49beabf1b4 -> 
  custom:scripting/monoscript/fileName/FusionBootstrapDebugGUI.cs: 371b4228dd1f5808b5897e19c03d546a -> 
  custom:audio-encoder-webm-vorbis: bf7c407c2cedff20999df2af8eb42d56 -> 
  custom:scripting/monoscript/fileName/RunnerAOIGizmos.cs: 8b1629a60417f80a3d501474e540ad3f -> 
  custom:scripting/monoscript/fileName/FusionEditorSkin.cs: c6dee1ba664a2a78ce51705f2322e50c -> 
  custom:scripting/precompiled-assembly-types:Fusion.Log: 17ae28182ca24f7ef3aba1ab6cfb3aea -> 
  custom:scripting/precompiled-assembly-types:Fusion.Unity.Editor: 3a9bc2e5511997a9db727cf7083c77ec -> 
========================================================================
Received Prepare
Caller must complete domain reload
Begin MonoManager ReloadAssembly
- Loaded All Assemblies, in  0.649 seconds
Native extension for WindowsStandalone target not found
Native extension for iOS target not found
Native extension for Android target not found
<color=#73ACE5>[FusionEditor/Installer]</color> Setting PlayerSettings.runInBackground to true
UnityEngine.StackTraceUtility:ExtractStackTrace ()
UnityEngine.DebugLogHandler:LogFormat (UnityEngine.LogType,UnityEngine.Object,string,object[])
UnityEngine.Logger:Log (UnityEngine.LogType,object)
UnityEngine.Debug:Log (object)
Fusion.FusionEditorLog:LogInstaller (string)
Fusion.Editor.FusionInstaller:.cctor () (at Assets/Photon/Fusion/Editor/Fusion.Unity.Editor.cs:11694)
System.Runtime.CompilerServices.RuntimeHelpers:RunClassConstructor (System.RuntimeTypeHandle)
UnityEditor.EditorAssemblies:ProcessInitializeOnLoadAttributes (System.Type[])

(Filename: Assets/Photon/Fusion/Editor/Fusion.Unity.Editor.cs Line: 11694)

<color=#73ACE5>[FusionEditor/Installer]</color> Setting 'FUSION_WEAVER' & 'FUSION2' Define
UnityEngine.StackTraceUtility:ExtractStackTrace ()
UnityEngine.DebugLogHandler:LogFormat (UnityEngine.LogType,UnityEngine.Object,string,object[])
UnityEngine.Logger:Log (UnityEngine.LogType,object)
UnityEngine.Debug:Log (object)
Fusion.FusionEditorLog:LogInstaller (string)
Fusion.Editor.FusionInstaller:.cctor () (at Assets/Photon/Fusion/Editor/Fusion.Unity.Editor.cs:11701)
System.Runtime.CompilerServices.RuntimeHelpers:RunClassConstructor (System.RuntimeTypeHandle)
UnityEditor.EditorAssemblies:ProcessInitializeOnLoadAttributes (System.Type[])

(Filename: Assets/Photon/Fusion/Editor/Fusion.Unity.Editor.cs Line: 11701)

[ScriptCompilation] NOT recompiling all scripts because this is an import worker process. Reason to compile was: Define symbols changed
[Package Manager] Server::EnsureServerProcessIsRunning -- launch failed, reason: Unity was launched with the -noUpm command-line argument
[Package Manager] UpmClient::Send -- Unable to send message (not connected to UPM process).
[Package Manager] Cannot connect to Unity Package Manager local server
Mono: successfully reloaded assembly
- Finished resetting the current domain, in  1.182 seconds
Domain Reload Profiling: 1828ms
	BeginReloadAssembly (159ms)
		ExecutionOrderSort (0ms)
		DisableScriptedObjects (4ms)
		BackupInstance (0ms)
		ReleaseScriptingObjects (0ms)
		CreateAndSetChildDomain (45ms)
	RebuildCommonClasses (29ms)
	RebuildNativeTypeToScriptingClass (10ms)
	initialDomainReloadingComplete (27ms)
	LoadAllAssembliesAndSetupDomain (421ms)
		LoadAssemblies (355ms)
		RebuildTransferFunctionScriptingTraits (0ms)
		AnalyzeDomain (146ms)
			TypeCache.Refresh (110ms)
				TypeCache.ScanAssembly (98ms)
			ScanForSourceGeneratedMonoScriptInfo (21ms)
			ResolveRequiredComponents (15ms)
	FinalizeReload (1183ms)
		ReleaseScriptCaches (0ms)
		RebuildScriptCaches (0ms)
		SetupLoadedEditorAssemblies (598ms)
			LogAssemblyErrors (0ms)
			InitializePlatformSupportModulesInManaged (64ms)
			SetLoadedEditorAssemblies (5ms)
			RefreshPlugins (0ms)
			BeforeProcessingInitializeOnLoad (78ms)
			ProcessInitializeOnLoadAttributes (320ms)
			ProcessInitializeOnLoadMethodAttributes (129ms)
			AfterProcessingInitializeOnLoad (1ms)
			EditorAssembliesLoaded (0ms)
		ExecutionOrderSort2 (0ms)
		AwakeInstancesAfterBackupRestoration (17ms)
Refreshing native plugins compatible for Editor in 20.21 ms, found 4 plugins.
Preloading 0 native plugins for Editor in 0.00 ms.
Unloading 5937 Unused Serialized files (Serialized files now loaded: 0)
Unloading 36 unused Assets / (355.8 KB). Loaded Objects now: 6578.
Memory consumption went from 199.2 MB to 198.9 MB.
Total: 7.143300 ms (FindLiveObjects: 0.557200 ms CreateObjectMapping: 0.378500 ms MarkObjects: 6.017200 ms  DeleteObjects: 0.188500 ms)

Prepare: number of updated asset objects reloaded= 0
AssetImportParameters requested are different than current active one (requested -> active):
  custom:scripting/monoscript/fileName/FusionRunnerVisibilityControlsWindow.cs: 503e55d51d5bac9ff9db7e3128ab6896 -> 
  custom:container-demuxer-ogg: 62fdf1f143b41e24485cea50d1cbac27 -> 
  custom:scripting/precompiled-assembly-types:websocket-sharp: 14fbe16c400853e620dbee885c09856b -> 
  custom:scripting/precompiled-assembly-types:Photon3Unity3D: c6b5832f40bb2e6733b55db4d782a76d -> 
  custom:scripting/precompiled-assembly-types:Fusion.Sockets: 9fb5846d0e49f79a62e53897c4dfc26f -> 
  custom:video-decoder-ogg-theora: a1e56fd34408186e4bbccfd4996cb3dc -> 
  custom:scripting/monoscript/fileName/FusionBasicBillboard.cs: a80a3abf722bfab7012d987c953fb25b -> 
  custom:framework-win-MediaFoundation: 216162199b28c13a410421893ffa2e32 -> 
  custom:scripting/monoscript/fileName/NetworkProjectConfigImporterEditor.cs: 0b9c7f8db96d38ff89dc9f2e19e80a40 -> 
  custom:scripting/monoscript/fileName/EnableOnSingleRunner.cs: 9976ce768e23cc0678b095d30598d8cd -> 
  custom:scripting/monoscript/fileName/FusionWeaverTriggerImporter.cs: 5fc682d3abd06512b01d7350f2f8770a -> 
  custom:scripting/monoscript/fileName/Fusion.CodeGen.User.cs: 7518413c31be8fc7fe79dd8f5b20fa0c -> 
  custom:scripting/monoscript/fileName/FusionNetworkObjectStatistics.cs: 021db0ff7e2d9da1efde47d41baabec6 -> 
  custom:scripting/monoscript/fileName/FusionAddressablePrefabsPreloader.cs: 609c7194fc18608a6ba4972670be253b -> 
  custom:scripting/monoscript/fileName/FusionBootstrap.cs: 6c11197935a2055b5e9a8f3a7b6b3582 -> 
  custom:scripting/monoscript/fileName/NetworkCharacterController.cs: 0d9ab4a1b508efe718225ceffebd8e54 -> 
  custom:scripting/monoscript/fileName/NetworkObjectProviderDefault.cs: 0eb113b3784be4de9cc2f3cdcdf5e36c -> 
  custom:scripting/monoscript/fileName/FusionStatsConfig.cs: d07ac9fd432a3fe1fc143ca6057eefa0 -> 
  custom:CustomObjectIndexerAttribute: 72b91833f83ae208fae7752999fa3104 -> 
  custom:scripting/monoscript/fileName/FusionStatsGraphDefault.cs: 5ee101599c172926cb7544039c27358d -> 
  custom:scripting/precompiled-assembly-types:Mono.Cecil.Rocks: 5f71c6f5683af58c1bc2dc303f06a8f9 -> 
  custom:container-demuxer-webm: 4f35f7cbe854078d1ac9338744f61a02 -> 
  custom:scripting/monoscript/fileName/FusionStatsPanelHeader.cs: 4548dffe5115cb5888d454a4d21545ba -> 
  custom:scripting/monoscript/fileName/Fusion.CodeGen.cs: b9ff9c5a347ec7e6d58d9aa467d5ae96 -> 
  custom:scripting/monoscript/fileName/RunnerVisibilityLink.cs: 6e4a2325960fce24f58edb6ee6b338d8 -> 
  custom:scripting/precompiled-assembly-types:Mono.Cecil: a89b8974831fb168c35dab32ff4bc2ab -> 
  custom:container-muxer-webm: aa71ff27fc2769a1b78a27578f13a17b -> 
  custom:video-decoder-webm-vp8: 9c59270c3fd7afecdb556c50c9e8de78 -> 
  custom:scripting/monoscript/fileName/NetworkPrefabsInspector.cs: d5690b6a52b511d4d789d0067f817a3c -> 
  custom:scripting/monoscript/fileName/Fusion.Unity.Editor.cs: 33ff73e1c007e8a46f2c03621d0520aa -> 
  custom:scripting/precompiled-assembly-types:Fusion.Runtime: 7e594ae8b4bdbcc37644229d4539762e -> 
  custom:scripting/precompiled-assembly-types:Unity.Fusion.CodeGen: f1e094c67a8e343812574a90957048af -> 
  custom:scripting/monoscript/fileName/FusionStatsWorldAnchor.cs: e51e9d4336f8910a14a6d0db6934550f -> 
  custom:SearchIndexIgnoredProperties: e643bd26f0fe6173181afceb89e7c659 -> 
  custom:AudioImporter_EditorPlatform: d09bf68614088b80899f8185d706f6e7 -> 
  custom:scripting/monoscript/fileName/FusionNetworkObjectStatsGraph.cs: 9984a882a8791892508319702985b2a1 -> 
  custom:scripting/monoscript/fileName/RunnerLagCompensationGizmos.cs: f7028307a5d8b8de388a40efb20302af -> 
  custom:scripting/monoscript/fileName/RunnerVisibilityLinksRoot.cs: 64f229c02655e4ab1b3ad93c7368ccfe -> 
  custom:scripting/monoscript/fileName/Fusion.Unity.cs: 637ce84f5d924288b5841d0c572e7c7e -> 
  custom:scripting/precompiled-assembly-types:Mono.Cecil.Mdb: eeaf3d2a18354879d00d7a56d9384f12 -> 
  custom:scripting/monoscript/fileName/FusionNetworkObjectStatsGraphCombine.cs: 504ba5016b23b7b24ba99fd9902d9b08 -> 
  custom:scripting/monoscript/fileName/RunnerEnableVisibility.cs: e1b57f1bd6fcbd3137975404af4bcf85 -> 
  custom:scripting/monoscript/fileName/FusionStatsCanvas.cs: 416da2e503a8c9751993b0a30323c49f -> 
  custom:scripting/monoscript/fileName/NetworkProjectConfigImporter.cs: a2caae9d85fed596662aa6841efc1b3e -> 
  custom:scripting/monoscript/fileName/FusionEditorConfigImporter.cs: efe09da10695ecc318b2a0af514b1210 -> 
  custom:video-encoder-webm-vp8: eb34c28f22e8b96e1ab97ce403110664 -> 
  custom:scripting/precompiled-assembly-types:Fusion.Realtime: e0f689bc800d7f4dbb38556dab9ab917 -> 
  custom:audio-decoder-ogg-vorbis: bf7c407c2cedff20999df2af8eb42d56 -> 
  custom:scripting/precompiled-assembly-types:Fusion.Common: 405307a00445c43b95790cf1621743d3 -> 
  custom:scripting/monoscript/fileName/FusionHubWindow.cs: 761ecf44afbbe98f819411be58e9da60 -> 
  custom:scripting/precompiled-assembly-types:Fusion.Unity: c2cb3f71ad0397b1dd48b94e5a353f38 -> 
  custom:scripting/monoscript/fileName/FusionStatistics.cs: 106e5dd35e0be1ca1db7ee4ef56a87b5 -> 
  custom:scripting/monoscript/fileName/NetworkSceneManagerDefault.cs: 871a1346f3625e42e5be83f620052e51 -> 
  custom:scripting/precompiled-assembly-types:NanoSockets: 5215c3b157b18801e4d4a67db049f6fb -> 
  custom:scripting/precompiled-assembly-types:Mono.Cecil.Pdb: 8503f4121aa743c4dd93ab49beabf1b4 -> 
  custom:scripting/monoscript/fileName/FusionBootstrapDebugGUI.cs: 371b4228dd1f5808b5897e19c03d546a -> 
  custom:audio-encoder-webm-vorbis: bf7c407c2cedff20999df2af8eb42d56 -> 
  custom:scripting/monoscript/fileName/RunnerAOIGizmos.cs: 8b1629a60417f80a3d501474e540ad3f -> 
  custom:scripting/monoscript/fileName/FusionEditorSkin.cs: c6dee1ba664a2a78ce51705f2322e50c -> 
  custom:scripting/precompiled-assembly-types:Fusion.Log: 17ae28182ca24f7ef3aba1ab6cfb3aea -> 
  custom:scripting/precompiled-assembly-types:Fusion.Unity.Editor: 68ea4e16afd58ebae0c9e956fafeb5ba -> 
========================================================================
Received Prepare
Caller must complete domain reload
Begin MonoManager ReloadAssembly
- Loaded All Assemblies, in  0.461 seconds
Native extension for WindowsStandalone target not found
Native extension for iOS target not found
Native extension for Android target not found
[Package Manager] Server::EnsureServerProcessIsRunning -- launch failed, reason: Unity was launched with the -noUpm command-line argument
[Package Manager] UpmClient::Send -- Unable to send message (not connected to UPM process).
[Package Manager] Cannot connect to Unity Package Manager local server
Mono: successfully reloaded assembly
- Finished resetting the current domain, in  0.992 seconds
Domain Reload Profiling: 1450ms
	BeginReloadAssembly (135ms)
		ExecutionOrderSort (0ms)
		DisableScriptedObjects (3ms)
		BackupInstance (0ms)
		ReleaseScriptingObjects (0ms)
		CreateAndSetChildDomain (38ms)
	RebuildCommonClasses (26ms)
	RebuildNativeTypeToScriptingClass (8ms)
	initialDomainReloadingComplete (23ms)
	LoadAllAssembliesAndSetupDomain (266ms)
		LoadAssemblies (297ms)
		RebuildTransferFunctionScriptingTraits (0ms)
		AnalyzeDomain (39ms)
			TypeCache.Refresh (12ms)
				TypeCache.ScanAssembly (0ms)
			ScanForSourceGeneratedMonoScriptInfo (17ms)
			ResolveRequiredComponents (9ms)
	FinalizeReload (992ms)
		ReleaseScriptCaches (0ms)
		RebuildScriptCaches (0ms)
		SetupLoadedEditorAssemblies (465ms)
			LogAssemblyErrors (0ms)
			InitializePlatformSupportModulesInManaged (21ms)
			SetLoadedEditorAssemblies (4ms)
			RefreshPlugins (0ms)
			BeforeProcessingInitializeOnLoad (64ms)
			ProcessInitializeOnLoadAttributes (263ms)
			ProcessInitializeOnLoadMethodAttributes (111ms)
			AfterProcessingInitializeOnLoad (2ms)
			EditorAssembliesLoaded (0ms)
		ExecutionOrderSort2 (0ms)
		AwakeInstancesAfterBackupRestoration (12ms)
Refreshing native plugins compatible for Editor in 17.56 ms, found 4 plugins.
Preloading 0 native plugins for Editor in 0.00 ms.
Unloading 5937 Unused Serialized files (Serialized files now loaded: 0)
Unloading 36 unused Assets / (355.0 KB). Loaded Objects now: 6582.
Memory consumption went from 199.2 MB to 198.9 MB.
Total: 8.972500 ms (FindLiveObjects: 0.957800 ms CreateObjectMapping: 0.350700 ms MarkObjects: 7.443600 ms  DeleteObjects: 0.218900 ms)

Prepare: number of updated asset objects reloaded= 0
AssetImportParameters requested are different than current active one (requested -> active):
  custom:scripting/monoscript/fileName/FusionRunnerVisibilityControlsWindow.cs: 503e55d51d5bac9ff9db7e3128ab6896 -> 
  custom:container-demuxer-ogg: 62fdf1f143b41e24485cea50d1cbac27 -> 
  custom:scripting/precompiled-assembly-types:websocket-sharp: 14fbe16c400853e620dbee885c09856b -> 
  custom:scripting/precompiled-assembly-types:Photon3Unity3D: c6b5832f40bb2e6733b55db4d782a76d -> 
  custom:scripting/precompiled-assembly-types:Fusion.Sockets: 9fb5846d0e49f79a62e53897c4dfc26f -> 
  custom:video-decoder-ogg-theora: a1e56fd34408186e4bbccfd4996cb3dc -> 
  custom:scripting/monoscript/fileName/FusionBasicBillboard.cs: a80a3abf722bfab7012d987c953fb25b -> 
  custom:framework-win-MediaFoundation: 216162199b28c13a410421893ffa2e32 -> 
  custom:scripting/monoscript/fileName/NetworkProjectConfigImporterEditor.cs: 0b9c7f8db96d38ff89dc9f2e19e80a40 -> 
  custom:scripting/monoscript/fileName/EnableOnSingleRunner.cs: 9976ce768e23cc0678b095d30598d8cd -> 
  custom:scripting/monoscript/fileName/FusionWeaverTriggerImporter.cs: 5fc682d3abd06512b01d7350f2f8770a -> 
  custom:scripting/monoscript/fileName/Fusion.CodeGen.User.cs: 7518413c31be8fc7fe79dd8f5b20fa0c -> 
  custom:scripting/monoscript/fileName/FusionNetworkObjectStatistics.cs: 021db0ff7e2d9da1efde47d41baabec6 -> 
  custom:scripting/monoscript/fileName/FusionAddressablePrefabsPreloader.cs: 609c7194fc18608a6ba4972670be253b -> 
  custom:scripting/monoscript/fileName/FusionBootstrap.cs: 6c11197935a2055b5e9a8f3a7b6b3582 -> 
  custom:scripting/monoscript/fileName/NetworkCharacterController.cs: 0d9ab4a1b508efe718225ceffebd8e54 -> 
  custom:scripting/monoscript/fileName/NetworkObjectProviderDefault.cs: 0eb113b3784be4de9cc2f3cdcdf5e36c -> 
  custom:scripting/monoscript/fileName/FusionStatsConfig.cs: d07ac9fd432a3fe1fc143ca6057eefa0 -> 
  custom:CustomObjectIndexerAttribute: 72b91833f83ae208fae7752999fa3104 -> 
  custom:scripting/monoscript/fileName/FusionStatsGraphDefault.cs: 5ee101599c172926cb7544039c27358d -> 
  custom:scripting/precompiled-assembly-types:Mono.Cecil.Rocks: 5f71c6f5683af58c1bc2dc303f06a8f9 -> 
  custom:container-demuxer-webm: 4f35f7cbe854078d1ac9338744f61a02 -> 
  custom:scripting/monoscript/fileName/FusionStatsPanelHeader.cs: 4548dffe5115cb5888d454a4d21545ba -> 
  custom:scripting/monoscript/fileName/Fusion.CodeGen.cs: b9ff9c5a347ec7e6d58d9aa467d5ae96 -> 
  custom:scripting/monoscript/fileName/RunnerVisibilityLink.cs: 6e4a2325960fce24f58edb6ee6b338d8 -> 
  custom:scripting/precompiled-assembly-types:Mono.Cecil: a89b8974831fb168c35dab32ff4bc2ab -> 
  custom:container-muxer-webm: aa71ff27fc2769a1b78a27578f13a17b -> 
  custom:video-decoder-webm-vp8: 9c59270c3fd7afecdb556c50c9e8de78 -> 
  custom:scripting/monoscript/fileName/NetworkPrefabsInspector.cs: d5690b6a52b511d4d789d0067f817a3c -> 
  custom:scripting/monoscript/fileName/Fusion.Unity.Editor.cs: 33ff73e1c007e8a46f2c03621d0520aa -> 
  custom:scripting/precompiled-assembly-types:Fusion.Runtime: 7e594ae8b4bdbcc37644229d4539762e -> 
  custom:scripting/precompiled-assembly-types:Unity.Fusion.CodeGen: f1e094c67a8e343812574a90957048af -> 
  custom:scripting/monoscript/fileName/FusionStatsWorldAnchor.cs: e51e9d4336f8910a14a6d0db6934550f -> 
  custom:SearchIndexIgnoredProperties: e643bd26f0fe6173181afceb89e7c659 -> 
  custom:AudioImporter_EditorPlatform: d09bf68614088b80899f8185d706f6e7 -> 
  custom:scripting/monoscript/fileName/FusionNetworkObjectStatsGraph.cs: 9984a882a8791892508319702985b2a1 -> 
  custom:scripting/monoscript/fileName/RunnerLagCompensationGizmos.cs: f7028307a5d8b8de388a40efb20302af -> 
  custom:scripting/monoscript/fileName/RunnerVisibilityLinksRoot.cs: 64f229c02655e4ab1b3ad93c7368ccfe -> 
  custom:scripting/monoscript/fileName/Fusion.Unity.cs: 637ce84f5d924288b5841d0c572e7c7e -> 
  custom:scripting/precompiled-assembly-types:Mono.Cecil.Mdb: eeaf3d2a18354879d00d7a56d9384f12 -> 
  custom:scripting/monoscript/fileName/FusionNetworkObjectStatsGraphCombine.cs: 504ba5016b23b7b24ba99fd9902d9b08 -> 
  custom:scripting/monoscript/fileName/RunnerEnableVisibility.cs: e1b57f1bd6fcbd3137975404af4bcf85 -> 
  custom:scripting/monoscript/fileName/FusionStatsCanvas.cs: 416da2e503a8c9751993b0a30323c49f -> 
  custom:scripting/monoscript/fileName/NetworkProjectConfigImporter.cs: a2caae9d85fed596662aa6841efc1b3e -> 
  custom:scripting/monoscript/fileName/FusionEditorConfigImporter.cs: efe09da10695ecc318b2a0af514b1210 -> 
  custom:video-encoder-webm-vp8: eb34c28f22e8b96e1ab97ce403110664 -> 
  custom:scripting/precompiled-assembly-types:Fusion.Realtime: e0f689bc800d7f4dbb38556dab9ab917 -> 
  custom:audio-decoder-ogg-vorbis: bf7c407c2cedff20999df2af8eb42d56 -> 
  custom:scripting/precompiled-assembly-types:Fusion.Common: 405307a00445c43b95790cf1621743d3 -> 
  custom:scripting/monoscript/fileName/FusionHubWindow.cs: 761ecf44afbbe98f819411be58e9da60 -> 
  custom:scripting/precompiled-assembly-types:Fusion.Unity: c2cb3f71ad0397b1dd48b94e5a353f38 -> 
  custom:scripting/monoscript/fileName/FusionStatistics.cs: 106e5dd35e0be1ca1db7ee4ef56a87b5 -> 
  custom:scripting/monoscript/fileName/NetworkSceneManagerDefault.cs: 871a1346f3625e42e5be83f620052e51 -> 
  custom:scripting/precompiled-assembly-types:NanoSockets: 5215c3b157b18801e4d4a67db049f6fb -> 
  custom:scripting/precompiled-assembly-types:Mono.Cecil.Pdb: 8503f4121aa743c4dd93ab49beabf1b4 -> 
  custom:scripting/monoscript/fileName/FusionBootstrapDebugGUI.cs: 371b4228dd1f5808b5897e19c03d546a -> 
  custom:audio-encoder-webm-vorbis: bf7c407c2cedff20999df2af8eb42d56 -> 
  custom:scripting/monoscript/fileName/RunnerAOIGizmos.cs: 8b1629a60417f80a3d501474e540ad3f -> 
  custom:scripting/monoscript/fileName/FusionEditorSkin.cs: c6dee1ba664a2a78ce51705f2322e50c -> 
  custom:scripting/precompiled-assembly-types:Fusion.Log: 17ae28182ca24f7ef3aba1ab6cfb3aea -> 
  custom:scripting/precompiled-assembly-types:Fusion.Unity.Editor: 68ea4e16afd58ebae0c9e956fafeb5ba -> 
========================================================================
Received Import Request.
  Time since last request: 167.515542 seconds.
  path: Assets/Photon/Fusion/Runtime/FusionBootstrapDebugGUIStartButton.png
  artifactKey: Guid(c7d0c96f4d96542cd9a593afbcf2c535) Importer(815301076,1909f56bfc062723c751e8b465ee728b)
Start importing Assets/Photon/Fusion/Runtime/FusionBootstrapDebugGUIStartButton.png using Guid(c7d0c96f4d96542cd9a593afbcf2c535) Importer(815301076,1909f56bfc062723c751e8b465ee728b) [PhysX] Initialized MultithreadedTaskDispatcher with 20 workers.
[PhysX] Initialized MultithreadedTaskDispatcher with 20 workers.
 -> (artifact id: 'd48d766614847239f898c742c84d2044') in 0.051115 seconds
Number of updated asset objects reloaded before import = 0
Number of asset objects unloaded after import = 2
========================================================================
Received Import Request.
  Time since last request: 0.537793 seconds.
  path: Assets/Photon/Fusion/Resources/PhotonAppSettings.asset
  artifactKey: Guid(b1ca56d8669f7ea4db785de9d41457a8) Importer(815301076,1909f56bfc062723c751e8b465ee728b)
Start importing Assets/Photon/Fusion/Resources/PhotonAppSettings.asset using Guid(b1ca56d8669f7ea4db785de9d41457a8) Importer(815301076,1909f56bfc062723c751e8b465ee728b) [PhysX] Initialized MultithreadedTaskDispatcher with 20 workers.
 -> (artifact id: '245ba8658058183089d52b16c974cfc6') in 0.001771 seconds
Number of updated asset objects reloaded before import = 0
Number of asset objects unloaded after import = 1
========================================================================
Received Prepare
Caller must complete domain reload
Begin MonoManager ReloadAssembly
- Loaded All Assemblies, in  0.457 seconds
Native extension for WindowsStandalone target not found
Native extension for iOS target not found
Native extension for Android target not found
[Package Manager] Server::EnsureServerProcessIsRunning -- launch failed, reason: Unity was launched with the -noUpm command-line argument
[Package Manager] UpmClient::Send -- Unable to send message (not connected to UPM process).
[Package Manager] Cannot connect to Unity Package Manager local server
Mono: successfully reloaded assembly
- Finished resetting the current domain, in  1.015 seconds
Domain Reload Profiling: 1469ms
	BeginReloadAssembly (137ms)
		ExecutionOrderSort (0ms)
		DisableScriptedObjects (5ms)
		BackupInstance (0ms)
		ReleaseScriptingObjects (0ms)
		CreateAndSetChildDomain (34ms)
	RebuildCommonClasses (23ms)
	RebuildNativeTypeToScriptingClass (8ms)
	initialDomainReloadingComplete (22ms)
	LoadAllAssembliesAndSetupDomain (263ms)
		LoadAssemblies (302ms)
		RebuildTransferFunctionScriptingTraits (0ms)
		AnalyzeDomain (35ms)
			TypeCache.Refresh (10ms)
				TypeCache.ScanAssembly (0ms)
			ScanForSourceGeneratedMonoScriptInfo (16ms)
			ResolveRequiredComponents (8ms)
	FinalizeReload (1016ms)
		ReleaseScriptCaches (0ms)
		RebuildScriptCaches (0ms)
		SetupLoadedEditorAssemblies (451ms)
			LogAssemblyErrors (0ms)
			InitializePlatformSupportModulesInManaged (18ms)
			SetLoadedEditorAssemblies (5ms)
			RefreshPlugins (0ms)
			BeforeProcessingInitializeOnLoad (61ms)
			ProcessInitializeOnLoadAttributes (250ms)
			ProcessInitializeOnLoadMethodAttributes (115ms)
			AfterProcessingInitializeOnLoad (2ms)
			EditorAssembliesLoaded (0ms)
		ExecutionOrderSort2 (0ms)
		AwakeInstancesAfterBackupRestoration (14ms)
Refreshing native plugins compatible for Editor in 13.56 ms, found 4 plugins.
Preloading 0 native plugins for Editor in 0.00 ms.
Unloading 5950 Unused Serialized files (Serialized files now loaded: 0)
Unloading 36 unused Assets / (354.7 KB). Loaded Objects now: 6602.
Memory consumption went from 199.5 MB to 199.2 MB.
Total: 5.487100 ms (FindLiveObjects: 0.820800 ms CreateObjectMapping: 0.228400 ms MarkObjects: 4.283900 ms  DeleteObjects: 0.152700 ms)

Prepare: number of updated asset objects reloaded= 0
AssetImportParameters requested are different than current active one (requested -> active):
  custom:scripting/monoscript/fileName/FusionRunnerVisibilityControlsWindow.cs: 503e55d51d5bac9ff9db7e3128ab6896 -> 
  custom:container-demuxer-ogg: 62fdf1f143b41e24485cea50d1cbac27 -> 
  custom:scripting/precompiled-assembly-types:websocket-sharp: 14fbe16c400853e620dbee885c09856b -> 
  custom:scripting/precompiled-assembly-types:Photon3Unity3D: c6b5832f40bb2e6733b55db4d782a76d -> 
  custom:scripting/precompiled-assembly-types:Fusion.Sockets: 9fb5846d0e49f79a62e53897c4dfc26f -> 
  custom:video-decoder-ogg-theora: a1e56fd34408186e4bbccfd4996cb3dc -> 
  custom:scripting/monoscript/fileName/FusionBasicBillboard.cs: a80a3abf722bfab7012d987c953fb25b -> 
  custom:framework-win-MediaFoundation: 216162199b28c13a410421893ffa2e32 -> 
  custom:scripting/monoscript/fileName/NetworkProjectConfigImporterEditor.cs: 0b9c7f8db96d38ff89dc9f2e19e80a40 -> 
  custom:scripting/monoscript/fileName/EnableOnSingleRunner.cs: 9976ce768e23cc0678b095d30598d8cd -> 
  custom:scripting/monoscript/fileName/FusionWeaverTriggerImporter.cs: 5fc682d3abd06512b01d7350f2f8770a -> 
  custom:scripting/monoscript/fileName/Fusion.CodeGen.User.cs: 7518413c31be8fc7fe79dd8f5b20fa0c -> 
  custom:scripting/monoscript/fileName/FusionNetworkObjectStatistics.cs: 021db0ff7e2d9da1efde47d41baabec6 -> 
  custom:scripting/monoscript/fileName/FusionAddressablePrefabsPreloader.cs: 609c7194fc18608a6ba4972670be253b -> 
  custom:scripting/monoscript/fileName/FusionBootstrap.cs: 6c11197935a2055b5e9a8f3a7b6b3582 -> 
  custom:scripting/monoscript/fileName/NetworkCharacterController.cs: 0d9ab4a1b508efe718225ceffebd8e54 -> 
  custom:scripting/monoscript/fileName/NetworkObjectProviderDefault.cs: 0eb113b3784be4de9cc2f3cdcdf5e36c -> 
  custom:scripting/monoscript/fileName/FusionStatsConfig.cs: d07ac9fd432a3fe1fc143ca6057eefa0 -> 
  custom:CustomObjectIndexerAttribute: 72b91833f83ae208fae7752999fa3104 -> 
  custom:scripting/monoscript/fileName/FusionStatsGraphDefault.cs: 5ee101599c172926cb7544039c27358d -> 
  custom:scripting/precompiled-assembly-types:Mono.Cecil.Rocks: 5f71c6f5683af58c1bc2dc303f06a8f9 -> 
  custom:container-demuxer-webm: 4f35f7cbe854078d1ac9338744f61a02 -> 
  custom:scripting/monoscript/fileName/UpdateChecker.cs: 029b1daf8f3b497c0666e54f8685c8b9 -> 
  custom:scripting/monoscript/fileName/FusionStatsPanelHeader.cs: 4548dffe5115cb5888d454a4d21545ba -> 
  custom:scripting/monoscript/fileName/ClonesManagerWindow.cs: 480fe8f568c4df8018a3dadfa3e69d57 -> 
  custom:scripting/monoscript/fileName/Fusion.CodeGen.cs: b9ff9c5a347ec7e6d58d9aa467d5ae96 -> 
  custom:scripting/monoscript/fileName/ExternalLinks.cs: f57d4a4349423b09b7191c91a0e33dbb -> 
  custom:scripting/monoscript/fileName/RunnerVisibilityLink.cs: 6e4a2325960fce24f58edb6ee6b338d8 -> 
  custom:scripting/precompiled-assembly-types:Mono.Cecil: a89b8974831fb168c35dab32ff4bc2ab -> 
  custom:scripting/monoscript/fileName/ValidateCopiedFoldersIntegrity.cs: 56f406d9e913419ab82dfb77d147492d -> 
  custom:scripting/monoscript/fileName/ParrelSyncAssetModificationProcessor.cs: 98155902029fa8ed02f705a5843cf897 -> 
  custom:container-muxer-webm: aa71ff27fc2769a1b78a27578f13a17b -> 
  custom:video-decoder-webm-vp8: 9c59270c3fd7afecdb556c50c9e8de78 -> 
  custom:scripting/monoscript/fileName/NetworkPrefabsInspector.cs: d5690b6a52b511d4d789d0067f817a3c -> 
  custom:scripting/monoscript/fileName/Fusion.Unity.Editor.cs: 33ff73e1c007e8a46f2c03621d0520aa -> 
  custom:scripting/precompiled-assembly-types:Fusion.Runtime: 7e594ae8b4bdbcc37644229d4539762e -> 
  custom:scripting/precompiled-assembly-types:Unity.Fusion.CodeGen: f1e094c67a8e343812574a90957048af -> 
  custom:scripting/monoscript/fileName/FusionStatsWorldAnchor.cs: e51e9d4336f8910a14a6d0db6934550f -> 
  custom:SearchIndexIgnoredProperties: e643bd26f0fe6173181afceb89e7c659 -> 
  custom:AudioImporter_EditorPlatform: d09bf68614088b80899f8185d706f6e7 -> 
  custom:scripting/monoscript/fileName/FusionNetworkObjectStatsGraph.cs: 9984a882a8791892508319702985b2a1 -> 
  custom:scripting/monoscript/fileName/RunnerLagCompensationGizmos.cs: f7028307a5d8b8de388a40efb20302af -> 
  custom:scripting/monoscript/fileName/RunnerVisibilityLinksRoot.cs: 64f229c02655e4ab1b3ad93c7368ccfe -> 
  custom:scripting/monoscript/fileName/Fusion.Unity.cs: 637ce84f5d924288b5841d0c572e7c7e -> 
  custom:scripting/monoscript/fileName/Project.cs: 25b2358f5b63e9e868b3730f2625984e -> 90647cc400823b41df847a6cbfc29026
  custom:scripting/precompiled-assembly-types:Mono.Cecil.Mdb: eeaf3d2a18354879d00d7a56d9384f12 -> 
  custom:scripting/monoscript/fileName/FusionNetworkObjectStatsGraphCombine.cs: 504ba5016b23b7b24ba99fd9902d9b08 -> 
  custom:scripting/monoscript/fileName/RunnerEnableVisibility.cs: e1b57f1bd6fcbd3137975404af4bcf85 -> 
  custom:scripting/monoscript/fileName/Preferences.cs: fc1c65ff2d399f273bddd63c0e50bbd2 -> 
  custom:scripting/monoscript/fileName/AskFeedbackDialog.cs: 87af38bcc9ff5fcc64e3b06dc3e06287 -> 
  custom:scripting/monoscript/fileName/FusionStatsCanvas.cs: 416da2e503a8c9751993b0a30323c49f -> 
  custom:scripting/monoscript/fileName/NetworkProjectConfigImporter.cs: a2caae9d85fed596662aa6841efc1b3e -> 
  custom:scripting/monoscript/fileName/FileUtilities.cs: a10705d35c8944054a18f4d05623f27c -> 771f43e67585e5fce72a68dee6f48c42
  custom:scripting/monoscript/fileName/OtherMenuItem.cs: 65154b4add18958b71906d4d02b7528b -> 
  custom:scripting/precompiled-assembly-types:ParrelSync: 5026302d02296ed95c724f4cf71da346 -> 
  custom:scripting/monoscript/fileName/ParrelSyncProjectSettings.cs: 94f207732aa70d266b84e4949e224ceb -> 
  custom:scripting/monoscript/fileName/FusionEditorConfigImporter.cs: efe09da10695ecc318b2a0af514b1210 -> 
  custom:video-encoder-webm-vp8: eb34c28f22e8b96e1ab97ce403110664 -> 
  custom:scripting/precompiled-assembly-types:Fusion.Realtime: e0f689bc800d7f4dbb38556dab9ab917 -> 
  custom:audio-decoder-ogg-vorbis: bf7c407c2cedff20999df2af8eb42d56 -> 
  custom:scripting/precompiled-assembly-types:Fusion.Common: 405307a00445c43b95790cf1621743d3 -> 
  custom:scripting/monoscript/fileName/FusionHubWindow.cs: 761ecf44afbbe98f819411be58e9da60 -> 
  custom:scripting/precompiled-assembly-types:Fusion.Unity: c2cb3f71ad0397b1dd48b94e5a353f38 -> 
  custom:scripting/monoscript/fileName/FusionStatistics.cs: 106e5dd35e0be1ca1db7ee4ef56a87b5 -> 
  custom:scripting/monoscript/fileName/NetworkSceneManagerDefault.cs: 871a1346f3625e42e5be83f620052e51 -> 
  custom:scripting/precompiled-assembly-types:NanoSockets: 5215c3b157b18801e4d4a67db049f6fb -> 
  custom:scripting/precompiled-assembly-types:Mono.Cecil.Pdb: 8503f4121aa743c4dd93ab49beabf1b4 -> 
  custom:scripting/monoscript/fileName/FusionBootstrapDebugGUI.cs: 371b4228dd1f5808b5897e19c03d546a -> 
  custom:scripting/monoscript/fileName/ClonesManager.cs: 56d4e9ba876d20feaa256fa586b68f63 -> 
  custom:audio-encoder-webm-vorbis: bf7c407c2cedff20999df2af8eb42d56 -> 
  custom:scripting/monoscript/fileName/RunnerAOIGizmos.cs: 8b1629a60417f80a3d501474e540ad3f -> 
  custom:scripting/monoscript/fileName/FusionEditorSkin.cs: c6dee1ba664a2a78ce51705f2322e50c -> 
  custom:scripting/precompiled-assembly-types:Fusion.Log: 17ae28182ca24f7ef3aba1ab6cfb3aea -> 
  custom:scripting/monoscript/fileName/EditorQuit.cs: 0d99020733aa7608452e4fa0cdb5cb7e -> 
  custom:scripting/precompiled-assembly-types:Fusion.Unity.Editor: 68ea4e16afd58ebae0c9e956fafeb5ba -> 
